<?xml version="1.0" encoding="UTF-8"?>
<testsuite name="it.unibo.nestedenum.TestMonthSorter" tests="2" skipped="0" failures="0" errors="0" timestamp="2023-11-13T15:53:27" hostname="computerpazzo.local" time="0.355">
  <properties/>
  <testcase name="testAmbiguousAndIllegalName()" classname="it.unibo.nestedenum.TestMonthSorter" time="0.018"/>
  <testcase name="testSorting()" classname="it.unibo.nestedenum.TestMonthSorter" time="0.336"/>
  <system-out><![CDATA[28 vs 31
31 vs 28
31 vs 31
30 vs 31
30 vs 28
31 vs 31
31 vs 31
30 vs 31
30 vs 30
31 vs 31
31 vs 31
31 vs 31
31 vs 31
31 vs 31
30 vs 31
30 vs 30
30 vs 31
31 vs 31
31 vs 31
31 vs 31
30 vs 31
30 vs 30
30 vs 31
30 vs 30
31 vs 31
31 vs 31
31 vs 31
28 vs 31
31 vs 28
31 vs 31
30 vs 31
30 vs 28
31 vs 31
31 vs 31
30 vs 31
30 vs 30
31 vs 31
31 vs 31
31 vs 31
31 vs 31
31 vs 31
30 vs 31
30 vs 30
30 vs 31
31 vs 31
31 vs 31
31 vs 31
30 vs 31
30 vs 30
30 vs 31
30 vs 30
31 vs 31
31 vs 31
31 vs 31
28 vs 31
31 vs 28
31 vs 31
30 vs 31
30 vs 28
31 vs 31
31 vs 31
30 vs 31
30 vs 30
31 vs 31
31 vs 31
31 vs 31
31 vs 31
31 vs 31
30 vs 31
30 vs 30
30 vs 31
31 vs 31
31 vs 31
31 vs 31
30 vs 31
30 vs 30
30 vs 31
30 vs 30
31 vs 31
31 vs 31
31 vs 31
28 vs 31
31 vs 28
31 vs 31
30 vs 31
30 vs 28
31 vs 31
31 vs 31
30 vs 31
30 vs 30
31 vs 31
31 vs 31
31 vs 31
31 vs 31
31 vs 31
30 vs 31
30 vs 30
30 vs 31
31 vs 31
31 vs 31
31 vs 31
30 vs 31
30 vs 30
30 vs 31
30 vs 30
31 vs 31
31 vs 31
31 vs 31
28 vs 31
31 vs 28
31 vs 31
30 vs 31
30 vs 28
31 vs 31
31 vs 31
30 vs 31
30 vs 30
31 vs 31
31 vs 31
31 vs 31
31 vs 31
31 vs 31
30 vs 31
30 vs 30
30 vs 31
31 vs 31
31 vs 31
31 vs 31
30 vs 31
30 vs 30
30 vs 31
30 vs 30
31 vs 31
31 vs 31
31 vs 31
28 vs 31
31 vs 28
31 vs 31
30 vs 31
30 vs 28
31 vs 31
31 vs 31
30 vs 31
30 vs 30
31 vs 31
31 vs 31
31 vs 31
31 vs 31
31 vs 31
30 vs 31
30 vs 30
30 vs 31
31 vs 31
31 vs 31
31 vs 31
30 vs 31
30 vs 30
30 vs 31
30 vs 30
31 vs 31
31 vs 31
31 vs 31
28 vs 31
31 vs 28
31 vs 31
30 vs 31
30 vs 28
31 vs 31
31 vs 31
30 vs 31
30 vs 30
31 vs 31
31 vs 31
31 vs 31
31 vs 31
31 vs 31
30 vs 31
30 vs 30
30 vs 31
31 vs 31
31 vs 31
31 vs 31
30 vs 31
30 vs 30
30 vs 31
30 vs 30
31 vs 31
31 vs 31
31 vs 31
28 vs 31
31 vs 28
31 vs 31
30 vs 31
30 vs 28
31 vs 31
31 vs 31
30 vs 31
30 vs 30
31 vs 31
31 vs 31
31 vs 31
31 vs 31
31 vs 31
30 vs 31
30 vs 30
30 vs 31
31 vs 31
31 vs 31
31 vs 31
30 vs 31
30 vs 30
30 vs 31
30 vs 30
31 vs 31
31 vs 31
31 vs 31
28 vs 31
31 vs 28
31 vs 31
30 vs 31
30 vs 28
31 vs 31
31 vs 31
30 vs 31
30 vs 30
31 vs 31
31 vs 31
31 vs 31
31 vs 31
31 vs 31
30 vs 31
30 vs 30
30 vs 31
31 vs 31
31 vs 31
31 vs 31
30 vs 31
30 vs 30
30 vs 31
30 vs 30
31 vs 31
31 vs 31
31 vs 31
28 vs 31
31 vs 28
31 vs 31
30 vs 31
30 vs 28
31 vs 31
31 vs 31
30 vs 31
30 vs 30
31 vs 31
31 vs 31
31 vs 31
31 vs 31
31 vs 31
30 vs 31
30 vs 30
30 vs 31
31 vs 31
31 vs 31
31 vs 31
30 vs 31
30 vs 30
30 vs 31
30 vs 30
31 vs 31
31 vs 31
31 vs 31
28 vs 31
31 vs 28
31 vs 31
30 vs 31
30 vs 28
31 vs 31
31 vs 31
30 vs 31
30 vs 30
31 vs 31
31 vs 31
31 vs 31
31 vs 31
31 vs 31
30 vs 31
30 vs 30
30 vs 31
31 vs 31
31 vs 31
31 vs 31
30 vs 31
30 vs 30
30 vs 31
30 vs 30
31 vs 31
31 vs 31
31 vs 31
28 vs 31
31 vs 28
31 vs 31
30 vs 31
30 vs 28
31 vs 31
31 vs 31
30 vs 31
30 vs 30
31 vs 31
31 vs 31
31 vs 31
31 vs 31
31 vs 31
30 vs 31
30 vs 30
30 vs 31
31 vs 31
31 vs 31
31 vs 31
30 vs 31
30 vs 30
30 vs 31
30 vs 30
31 vs 31
31 vs 31
31 vs 31
28 vs 31
31 vs 28
31 vs 31
30 vs 31
30 vs 28
31 vs 31
31 vs 31
30 vs 31
30 vs 30
31 vs 31
31 vs 31
31 vs 31
31 vs 31
31 vs 31
30 vs 31
30 vs 30
30 vs 31
31 vs 31
31 vs 31
31 vs 31
30 vs 31
30 vs 30
30 vs 31
30 vs 30
31 vs 31
31 vs 31
31 vs 31
28 vs 31
31 vs 28
31 vs 31
30 vs 31
30 vs 28
31 vs 31
31 vs 31
30 vs 31
30 vs 30
31 vs 31
31 vs 31
31 vs 31
31 vs 31
31 vs 31
30 vs 31
30 vs 30
30 vs 31
31 vs 31
31 vs 31
31 vs 31
30 vs 31
30 vs 30
30 vs 31
30 vs 30
31 vs 31
31 vs 31
31 vs 31
28 vs 31
31 vs 28
31 vs 31
30 vs 31
30 vs 28
31 vs 31
31 vs 31
30 vs 31
30 vs 30
31 vs 31
31 vs 31
31 vs 31
31 vs 31
31 vs 31
30 vs 31
30 vs 30
30 vs 31
31 vs 31
31 vs 31
31 vs 31
30 vs 31
30 vs 30
30 vs 31
30 vs 30
31 vs 31
31 vs 31
31 vs 31
28 vs 31
31 vs 28
31 vs 31
30 vs 31
30 vs 28
31 vs 31
31 vs 31
30 vs 31
30 vs 30
31 vs 31
31 vs 31
31 vs 31
31 vs 31
31 vs 31
30 vs 31
30 vs 30
30 vs 31
31 vs 31
31 vs 31
31 vs 31
30 vs 31
30 vs 30
30 vs 31
30 vs 30
31 vs 31
31 vs 31
31 vs 31
28 vs 31
31 vs 28
31 vs 31
30 vs 31
30 vs 28
31 vs 31
31 vs 31
30 vs 31
30 vs 30
31 vs 31
31 vs 31
31 vs 31
31 vs 31
31 vs 31
30 vs 31
30 vs 30
30 vs 31
31 vs 31
31 vs 31
31 vs 31
30 vs 31
30 vs 30
30 vs 31
30 vs 30
31 vs 31
31 vs 31
31 vs 31
28 vs 31
31 vs 28
31 vs 31
30 vs 31
30 vs 28
31 vs 31
31 vs 31
30 vs 31
30 vs 30
31 vs 31
31 vs 31
31 vs 31
31 vs 31
31 vs 31
30 vs 31
30 vs 30
30 vs 31
31 vs 31
31 vs 31
31 vs 31
30 vs 31
30 vs 30
30 vs 31
30 vs 30
31 vs 31
31 vs 31
31 vs 31
28 vs 31
31 vs 28
31 vs 31
30 vs 31
30 vs 28
31 vs 31
31 vs 31
30 vs 31
30 vs 30
31 vs 31
31 vs 31
31 vs 31
31 vs 31
31 vs 31
30 vs 31
30 vs 30
30 vs 31
31 vs 31
31 vs 31
31 vs 31
30 vs 31
30 vs 30
30 vs 31
30 vs 30
31 vs 31
31 vs 31
31 vs 31
28 vs 31
31 vs 28
31 vs 31
30 vs 31
30 vs 28
31 vs 31
31 vs 31
30 vs 31
30 vs 30
31 vs 31
31 vs 31
31 vs 31
31 vs 31
31 vs 31
30 vs 31
30 vs 30
30 vs 31
31 vs 31
31 vs 31
31 vs 31
30 vs 31
30 vs 30
30 vs 31
30 vs 30
31 vs 31
31 vs 31
31 vs 31
28 vs 31
31 vs 28
31 vs 31
30 vs 31
30 vs 28
31 vs 31
31 vs 31
30 vs 31
30 vs 30
31 vs 31
31 vs 31
31 vs 31
31 vs 31
31 vs 31
30 vs 31
30 vs 30
30 vs 31
31 vs 31
31 vs 31
31 vs 31
30 vs 31
30 vs 30
30 vs 31
30 vs 30
31 vs 31
31 vs 31
31 vs 31
28 vs 31
31 vs 28
31 vs 31
30 vs 31
30 vs 28
31 vs 31
31 vs 31
30 vs 31
30 vs 30
31 vs 31
31 vs 31
31 vs 31
31 vs 31
31 vs 31
30 vs 31
30 vs 30
30 vs 31
31 vs 31
31 vs 31
31 vs 31
30 vs 31
30 vs 30
30 vs 31
30 vs 30
31 vs 31
31 vs 31
31 vs 31
28 vs 31
31 vs 28
31 vs 31
30 vs 31
30 vs 28
31 vs 31
31 vs 31
30 vs 31
30 vs 30
31 vs 31
31 vs 31
31 vs 31
31 vs 31
31 vs 31
30 vs 31
30 vs 30
30 vs 31
31 vs 31
31 vs 31
31 vs 31
30 vs 31
30 vs 30
30 vs 31
30 vs 30
31 vs 31
31 vs 31
31 vs 31
28 vs 31
31 vs 28
31 vs 31
30 vs 31
30 vs 28
31 vs 31
31 vs 31
30 vs 31
30 vs 30
31 vs 31
31 vs 31
31 vs 31
31 vs 31
31 vs 31
30 vs 31
30 vs 30
30 vs 31
31 vs 31
31 vs 31
31 vs 31
30 vs 31
30 vs 30
30 vs 31
30 vs 30
31 vs 31
31 vs 31
31 vs 31
28 vs 31
31 vs 28
31 vs 31
30 vs 31
30 vs 28
31 vs 31
31 vs 31
30 vs 31
30 vs 30
31 vs 31
31 vs 31
31 vs 31
31 vs 31
31 vs 31
30 vs 31
30 vs 30
30 vs 31
31 vs 31
31 vs 31
31 vs 31
30 vs 31
30 vs 30
30 vs 31
30 vs 30
31 vs 31
31 vs 31
31 vs 31
28 vs 31
31 vs 28
31 vs 31
30 vs 31
30 vs 28
31 vs 31
31 vs 31
30 vs 31
30 vs 30
31 vs 31
31 vs 31
31 vs 31
31 vs 31
31 vs 31
30 vs 31
30 vs 30
30 vs 31
31 vs 31
31 vs 31
31 vs 31
30 vs 31
30 vs 30
30 vs 31
30 vs 30
31 vs 31
31 vs 31
31 vs 31
28 vs 31
31 vs 28
31 vs 31
30 vs 31
30 vs 28
31 vs 31
31 vs 31
30 vs 31
30 vs 30
31 vs 31
31 vs 31
31 vs 31
31 vs 31
31 vs 31
30 vs 31
30 vs 30
30 vs 31
31 vs 31
31 vs 31
31 vs 31
30 vs 31
30 vs 30
30 vs 31
30 vs 30
31 vs 31
31 vs 31
31 vs 31
28 vs 31
31 vs 28
31 vs 31
30 vs 31
30 vs 28
31 vs 31
31 vs 31
30 vs 31
30 vs 30
31 vs 31
31 vs 31
31 vs 31
31 vs 31
31 vs 31
30 vs 31
30 vs 30
30 vs 31
31 vs 31
31 vs 31
31 vs 31
30 vs 31
30 vs 30
30 vs 31
30 vs 30
31 vs 31
31 vs 31
31 vs 31
28 vs 31
31 vs 28
31 vs 31
30 vs 31
30 vs 28
31 vs 31
31 vs 31
30 vs 31
30 vs 30
31 vs 31
31 vs 31
31 vs 31
31 vs 31
31 vs 31
30 vs 31
30 vs 30
30 vs 31
31 vs 31
31 vs 31
31 vs 31
30 vs 31
30 vs 30
30 vs 31
30 vs 30
31 vs 31
31 vs 31
31 vs 31
28 vs 31
31 vs 28
31 vs 31
30 vs 31
30 vs 28
31 vs 31
31 vs 31
30 vs 31
30 vs 30
31 vs 31
31 vs 31
31 vs 31
31 vs 31
31 vs 31
30 vs 31
30 vs 30
30 vs 31
31 vs 31
31 vs 31
31 vs 31
30 vs 31
30 vs 30
30 vs 31
30 vs 30
31 vs 31
31 vs 31
31 vs 31
28 vs 31
31 vs 28
31 vs 31
30 vs 31
30 vs 28
31 vs 31
31 vs 31
30 vs 31
30 vs 30
31 vs 31
31 vs 31
31 vs 31
31 vs 31
31 vs 31
30 vs 31
30 vs 30
30 vs 31
31 vs 31
31 vs 31
31 vs 31
30 vs 31
30 vs 30
30 vs 31
30 vs 30
31 vs 31
31 vs 31
31 vs 31
28 vs 31
31 vs 28
31 vs 31
30 vs 31
30 vs 28
31 vs 31
31 vs 31
30 vs 31
30 vs 30
31 vs 31
31 vs 31
31 vs 31
31 vs 31
31 vs 31
30 vs 31
30 vs 30
30 vs 31
31 vs 31
31 vs 31
31 vs 31
30 vs 31
30 vs 30
30 vs 31
30 vs 30
31 vs 31
31 vs 31
31 vs 31
28 vs 31
31 vs 28
31 vs 31
30 vs 31
30 vs 28
31 vs 31
31 vs 31
30 vs 31
30 vs 30
31 vs 31
31 vs 31
31 vs 31
31 vs 31
31 vs 31
30 vs 31
30 vs 30
30 vs 31
31 vs 31
31 vs 31
31 vs 31
30 vs 31
30 vs 30
30 vs 31
30 vs 30
31 vs 31
31 vs 31
31 vs 31
28 vs 31
31 vs 28
31 vs 31
30 vs 31
30 vs 28
31 vs 31
31 vs 31
30 vs 31
30 vs 30
31 vs 31
31 vs 31
31 vs 31
31 vs 31
31 vs 31
30 vs 31
30 vs 30
30 vs 31
31 vs 31
31 vs 31
31 vs 31
30 vs 31
30 vs 30
30 vs 31
30 vs 30
31 vs 31
31 vs 31
31 vs 31
28 vs 31
31 vs 28
31 vs 31
30 vs 31
30 vs 28
31 vs 31
31 vs 31
30 vs 31
30 vs 30
31 vs 31
31 vs 31
31 vs 31
31 vs 31
31 vs 31
30 vs 31
30 vs 30
30 vs 31
31 vs 31
31 vs 31
31 vs 31
30 vs 31
30 vs 30
30 vs 31
30 vs 30
31 vs 31
31 vs 31
31 vs 31
28 vs 31
31 vs 28
31 vs 31
30 vs 31
30 vs 28
31 vs 31
31 vs 31
30 vs 31
30 vs 30
31 vs 31
31 vs 31
31 vs 31
31 vs 31
31 vs 31
30 vs 31
30 vs 30
30 vs 31
31 vs 31
31 vs 31
31 vs 31
30 vs 31
30 vs 30
30 vs 31
30 vs 30
31 vs 31
31 vs 31
31 vs 31
28 vs 31
31 vs 28
31 vs 31
30 vs 31
30 vs 28
31 vs 31
31 vs 31
30 vs 31
30 vs 30
31 vs 31
31 vs 31
31 vs 31
31 vs 31
31 vs 31
30 vs 31
30 vs 30
30 vs 31
31 vs 31
31 vs 31
31 vs 31
30 vs 31
30 vs 30
30 vs 31
30 vs 30
31 vs 31
31 vs 31
31 vs 31
28 vs 31
31 vs 28
31 vs 31
30 vs 31
30 vs 28
31 vs 31
31 vs 31
30 vs 31
30 vs 30
31 vs 31
31 vs 31
31 vs 31
31 vs 31
31 vs 31
30 vs 31
30 vs 30
30 vs 31
31 vs 31
31 vs 31
31 vs 31
30 vs 31
30 vs 30
30 vs 31
30 vs 30
31 vs 31
31 vs 31
31 vs 31
28 vs 31
31 vs 28
31 vs 31
30 vs 31
30 vs 28
31 vs 31
31 vs 31
30 vs 31
30 vs 30
31 vs 31
31 vs 31
31 vs 31
31 vs 31
31 vs 31
30 vs 31
30 vs 30
30 vs 31
31 vs 31
31 vs 31
31 vs 31
30 vs 31
30 vs 30
30 vs 31
30 vs 30
31 vs 31
31 vs 31
31 vs 31
28 vs 31
31 vs 28
31 vs 31
30 vs 31
30 vs 28
31 vs 31
31 vs 31
30 vs 31
30 vs 30
31 vs 31
31 vs 31
31 vs 31
31 vs 31
31 vs 31
30 vs 31
30 vs 30
30 vs 31
31 vs 31
31 vs 31
31 vs 31
30 vs 31
30 vs 30
30 vs 31
30 vs 30
31 vs 31
31 vs 31
31 vs 31
28 vs 31
31 vs 28
31 vs 31
30 vs 31
30 vs 28
31 vs 31
31 vs 31
30 vs 31
30 vs 30
31 vs 31
31 vs 31
31 vs 31
31 vs 31
31 vs 31
30 vs 31
30 vs 30
30 vs 31
31 vs 31
31 vs 31
31 vs 31
30 vs 31
30 vs 30
30 vs 31
30 vs 30
31 vs 31
31 vs 31
31 vs 31
28 vs 31
31 vs 28
31 vs 31
30 vs 31
30 vs 28
31 vs 31
31 vs 31
30 vs 31
30 vs 30
31 vs 31
31 vs 31
31 vs 31
31 vs 31
31 vs 31
30 vs 31
30 vs 30
30 vs 31
31 vs 31
31 vs 31
31 vs 31
30 vs 31
30 vs 30
30 vs 31
30 vs 30
31 vs 31
31 vs 31
31 vs 31
28 vs 31
31 vs 28
31 vs 31
30 vs 31
30 vs 28
31 vs 31
31 vs 31
30 vs 31
30 vs 30
31 vs 31
31 vs 31
31 vs 31
31 vs 31
31 vs 31
30 vs 31
30 vs 30
30 vs 31
31 vs 31
31 vs 31
31 vs 31
30 vs 31
30 vs 30
30 vs 31
30 vs 30
31 vs 31
31 vs 31
31 vs 31
28 vs 31
31 vs 28
31 vs 31
30 vs 31
30 vs 28
31 vs 31
31 vs 31
30 vs 31
30 vs 30
31 vs 31
31 vs 31
31 vs 31
31 vs 31
31 vs 31
30 vs 31
30 vs 30
30 vs 31
31 vs 31
31 vs 31
31 vs 31
30 vs 31
30 vs 30
30 vs 31
30 vs 30
31 vs 31
31 vs 31
31 vs 31
28 vs 31
31 vs 28
31 vs 31
30 vs 31
30 vs 28
31 vs 31
31 vs 31
30 vs 31
30 vs 30
31 vs 31
31 vs 31
31 vs 31
31 vs 31
31 vs 31
30 vs 31
30 vs 30
30 vs 31
31 vs 31
31 vs 31
31 vs 31
30 vs 31
30 vs 30
30 vs 31
30 vs 30
31 vs 31
31 vs 31
31 vs 31
28 vs 31
31 vs 28
31 vs 31
30 vs 31
30 vs 28
31 vs 31
31 vs 31
30 vs 31
30 vs 30
31 vs 31
31 vs 31
31 vs 31
31 vs 31
31 vs 31
30 vs 31
30 vs 30
30 vs 31
31 vs 31
31 vs 31
31 vs 31
30 vs 31
30 vs 30
30 vs 31
30 vs 30
31 vs 31
31 vs 31
31 vs 31
28 vs 31
31 vs 28
31 vs 31
30 vs 31
30 vs 28
31 vs 31
31 vs 31
30 vs 31
30 vs 30
31 vs 31
31 vs 31
31 vs 31
31 vs 31
31 vs 31
30 vs 31
30 vs 30
30 vs 31
31 vs 31
31 vs 31
31 vs 31
30 vs 31
30 vs 30
30 vs 31
30 vs 30
31 vs 31
31 vs 31
31 vs 31
28 vs 31
31 vs 28
31 vs 31
30 vs 31
30 vs 28
31 vs 31
31 vs 31
30 vs 31
30 vs 30
31 vs 31
31 vs 31
31 vs 31
31 vs 31
31 vs 31
30 vs 31
30 vs 30
30 vs 31
31 vs 31
31 vs 31
31 vs 31
30 vs 31
30 vs 30
30 vs 31
30 vs 30
31 vs 31
31 vs 31
31 vs 31
28 vs 31
31 vs 28
31 vs 31
30 vs 31
30 vs 28
31 vs 31
31 vs 31
30 vs 31
30 vs 30
31 vs 31
31 vs 31
31 vs 31
31 vs 31
31 vs 31
30 vs 31
30 vs 30
30 vs 31
31 vs 31
31 vs 31
31 vs 31
30 vs 31
30 vs 30
30 vs 31
30 vs 30
31 vs 31
31 vs 31
31 vs 31
28 vs 31
31 vs 28
31 vs 31
30 vs 31
30 vs 28
31 vs 31
31 vs 31
30 vs 31
30 vs 30
31 vs 31
31 vs 31
31 vs 31
31 vs 31
31 vs 31
30 vs 31
30 vs 30
30 vs 31
31 vs 31
31 vs 31
31 vs 31
30 vs 31
30 vs 30
30 vs 31
30 vs 30
31 vs 31
31 vs 31
31 vs 31
28 vs 31
31 vs 28
31 vs 31
30 vs 31
30 vs 28
31 vs 31
31 vs 31
30 vs 31
30 vs 30
31 vs 31
31 vs 31
31 vs 31
31 vs 31
31 vs 31
30 vs 31
30 vs 30
30 vs 31
31 vs 31
31 vs 31
31 vs 31
30 vs 31
30 vs 30
30 vs 31
30 vs 30
31 vs 31
31 vs 31
31 vs 31
28 vs 31
31 vs 28
31 vs 31
30 vs 31
30 vs 28
31 vs 31
31 vs 31
30 vs 31
30 vs 30
31 vs 31
31 vs 31
31 vs 31
31 vs 31
31 vs 31
30 vs 31
30 vs 30
30 vs 31
31 vs 31
31 vs 31
31 vs 31
30 vs 31
30 vs 30
30 vs 31
30 vs 30
31 vs 31
31 vs 31
31 vs 31
28 vs 31
31 vs 28
31 vs 31
30 vs 31
30 vs 28
31 vs 31
31 vs 31
30 vs 31
30 vs 30
31 vs 31
31 vs 31
31 vs 31
31 vs 31
31 vs 31
30 vs 31
30 vs 30
30 vs 31
31 vs 31
31 vs 31
31 vs 31
30 vs 31
30 vs 30
30 vs 31
30 vs 30
31 vs 31
31 vs 31
31 vs 31
28 vs 31
31 vs 28
31 vs 31
30 vs 31
30 vs 28
31 vs 31
31 vs 31
30 vs 31
30 vs 30
31 vs 31
31 vs 31
31 vs 31
31 vs 31
31 vs 31
30 vs 31
30 vs 30
30 vs 31
31 vs 31
31 vs 31
31 vs 31
30 vs 31
30 vs 30
30 vs 31
30 vs 30
31 vs 31
31 vs 31
31 vs 31
28 vs 31
31 vs 28
31 vs 31
30 vs 31
30 vs 28
31 vs 31
31 vs 31
30 vs 31
30 vs 30
31 vs 31
31 vs 31
31 vs 31
31 vs 31
31 vs 31
30 vs 31
30 vs 30
30 vs 31
31 vs 31
31 vs 31
31 vs 31
30 vs 31
30 vs 30
30 vs 31
30 vs 30
31 vs 31
31 vs 31
31 vs 31
28 vs 31
31 vs 28
31 vs 31
30 vs 31
30 vs 28
31 vs 31
31 vs 31
30 vs 31
30 vs 30
31 vs 31
31 vs 31
31 vs 31
31 vs 31
31 vs 31
30 vs 31
30 vs 30
30 vs 31
31 vs 31
31 vs 31
31 vs 31
30 vs 31
30 vs 30
30 vs 31
30 vs 30
31 vs 31
31 vs 31
31 vs 31
28 vs 31
31 vs 28
31 vs 31
30 vs 31
30 vs 28
31 vs 31
31 vs 31
30 vs 31
30 vs 30
31 vs 31
31 vs 31
31 vs 31
31 vs 31
31 vs 31
30 vs 31
30 vs 30
30 vs 31
31 vs 31
31 vs 31
31 vs 31
30 vs 31
30 vs 30
30 vs 31
30 vs 30
31 vs 31
31 vs 31
31 vs 31
28 vs 31
31 vs 28
31 vs 31
30 vs 31
30 vs 28
31 vs 31
31 vs 31
30 vs 31
30 vs 30
31 vs 31
31 vs 31
31 vs 31
31 vs 31
31 vs 31
30 vs 31
30 vs 30
30 vs 31
31 vs 31
31 vs 31
31 vs 31
30 vs 31
30 vs 30
30 vs 31
30 vs 30
31 vs 31
31 vs 31
31 vs 31
28 vs 31
31 vs 28
31 vs 31
30 vs 31
30 vs 28
31 vs 31
31 vs 31
30 vs 31
30 vs 30
31 vs 31
31 vs 31
31 vs 31
31 vs 31
31 vs 31
30 vs 31
30 vs 30
30 vs 31
31 vs 31
31 vs 31
31 vs 31
30 vs 31
30 vs 30
30 vs 31
30 vs 30
31 vs 31
31 vs 31
31 vs 31
28 vs 31
31 vs 28
31 vs 31
30 vs 31
30 vs 28
31 vs 31
31 vs 31
30 vs 31
30 vs 30
31 vs 31
31 vs 31
31 vs 31
31 vs 31
31 vs 31
30 vs 31
30 vs 30
30 vs 31
31 vs 31
31 vs 31
31 vs 31
30 vs 31
30 vs 30
30 vs 31
30 vs 30
31 vs 31
31 vs 31
31 vs 31
28 vs 31
31 vs 28
31 vs 31
30 vs 31
30 vs 28
31 vs 31
31 vs 31
30 vs 31
30 vs 30
31 vs 31
31 vs 31
31 vs 31
31 vs 31
31 vs 31
30 vs 31
30 vs 30
30 vs 31
31 vs 31
31 vs 31
31 vs 31
30 vs 31
30 vs 30
30 vs 31
30 vs 30
31 vs 31
31 vs 31
31 vs 31
28 vs 31
31 vs 28
31 vs 31
30 vs 31
30 vs 28
31 vs 31
31 vs 31
30 vs 31
30 vs 30
31 vs 31
31 vs 31
31 vs 31
31 vs 31
31 vs 31
30 vs 31
30 vs 30
30 vs 31
31 vs 31
31 vs 31
31 vs 31
30 vs 31
30 vs 30
30 vs 31
30 vs 30
31 vs 31
31 vs 31
31 vs 31
28 vs 31
31 vs 28
31 vs 31
30 vs 31
30 vs 28
31 vs 31
31 vs 31
30 vs 31
30 vs 30
31 vs 31
31 vs 31
31 vs 31
31 vs 31
31 vs 31
30 vs 31
30 vs 30
30 vs 31
31 vs 31
31 vs 31
31 vs 31
30 vs 31
30 vs 30
30 vs 31
30 vs 30
31 vs 31
31 vs 31
31 vs 31
28 vs 31
31 vs 28
31 vs 31
30 vs 31
30 vs 28
31 vs 31
31 vs 31
30 vs 31
30 vs 30
31 vs 31
31 vs 31
31 vs 31
31 vs 31
31 vs 31
30 vs 31
30 vs 30
30 vs 31
31 vs 31
31 vs 31
31 vs 31
30 vs 31
30 vs 30
30 vs 31
30 vs 30
31 vs 31
31 vs 31
31 vs 31
28 vs 31
31 vs 28
31 vs 31
30 vs 31
30 vs 28
31 vs 31
31 vs 31
30 vs 31
30 vs 30
31 vs 31
31 vs 31
31 vs 31
31 vs 31
31 vs 31
30 vs 31
30 vs 30
30 vs 31
31 vs 31
31 vs 31
31 vs 31
30 vs 31
30 vs 30
30 vs 31
30 vs 30
31 vs 31
31 vs 31
31 vs 31
28 vs 31
31 vs 28
31 vs 31
30 vs 31
30 vs 28
31 vs 31
31 vs 31
30 vs 31
30 vs 30
31 vs 31
31 vs 31
31 vs 31
31 vs 31
31 vs 31
30 vs 31
30 vs 30
30 vs 31
31 vs 31
31 vs 31
31 vs 31
30 vs 31
30 vs 30
30 vs 31
30 vs 30
31 vs 31
31 vs 31
31 vs 31
28 vs 31
31 vs 28
31 vs 31
30 vs 31
30 vs 28
31 vs 31
31 vs 31
30 vs 31
30 vs 30
31 vs 31
31 vs 31
31 vs 31
31 vs 31
31 vs 31
30 vs 31
30 vs 30
30 vs 31
31 vs 31
31 vs 31
31 vs 31
30 vs 31
30 vs 30
30 vs 31
30 vs 30
31 vs 31
31 vs 31
31 vs 31
28 vs 31
31 vs 28
31 vs 31
30 vs 31
30 vs 28
31 vs 31
31 vs 31
30 vs 31
30 vs 30
31 vs 31
31 vs 31
31 vs 31
31 vs 31
31 vs 31
30 vs 31
30 vs 30
30 vs 31
31 vs 31
31 vs 31
31 vs 31
30 vs 31
30 vs 30
30 vs 31
30 vs 30
31 vs 31
31 vs 31
31 vs 31
28 vs 31
31 vs 28
31 vs 31
30 vs 31
30 vs 28
31 vs 31
31 vs 31
30 vs 31
30 vs 30
31 vs 31
31 vs 31
31 vs 31
31 vs 31
31 vs 31
30 vs 31
30 vs 30
30 vs 31
31 vs 31
31 vs 31
31 vs 31
30 vs 31
30 vs 30
30 vs 31
30 vs 30
31 vs 31
31 vs 31
31 vs 31
28 vs 31
31 vs 28
31 vs 31
30 vs 31
30 vs 28
31 vs 31
31 vs 31
30 vs 31
30 vs 30
31 vs 31
31 vs 31
31 vs 31
31 vs 31
31 vs 31
30 vs 31
30 vs 30
30 vs 31
31 vs 31
31 vs 31
31 vs 31
30 vs 31
30 vs 30
30 vs 31
30 vs 30
31 vs 31
31 vs 31
31 vs 31
28 vs 31
31 vs 28
31 vs 31
30 vs 31
30 vs 28
31 vs 31
31 vs 31
30 vs 31
30 vs 30
31 vs 31
31 vs 31
31 vs 31
31 vs 31
31 vs 31
30 vs 31
30 vs 30
30 vs 31
31 vs 31
31 vs 31
31 vs 31
30 vs 31
30 vs 30
30 vs 31
30 vs 30
31 vs 31
31 vs 31
31 vs 31
28 vs 31
31 vs 28
31 vs 31
30 vs 31
30 vs 28
31 vs 31
31 vs 31
30 vs 31
30 vs 30
31 vs 31
31 vs 31
31 vs 31
31 vs 31
31 vs 31
30 vs 31
30 vs 30
30 vs 31
31 vs 31
31 vs 31
31 vs 31
30 vs 31
30 vs 30
30 vs 31
30 vs 30
31 vs 31
31 vs 31
31 vs 31
28 vs 31
31 vs 28
31 vs 31
30 vs 31
30 vs 28
31 vs 31
31 vs 31
30 vs 31
30 vs 30
31 vs 31
31 vs 31
31 vs 31
31 vs 31
31 vs 31
30 vs 31
30 vs 30
30 vs 31
31 vs 31
31 vs 31
31 vs 31
30 vs 31
30 vs 30
30 vs 31
30 vs 30
31 vs 31
31 vs 31
31 vs 31
28 vs 31
31 vs 28
31 vs 31
30 vs 31
30 vs 28
31 vs 31
31 vs 31
30 vs 31
30 vs 30
31 vs 31
31 vs 31
31 vs 31
31 vs 31
31 vs 31
30 vs 31
30 vs 30
30 vs 31
31 vs 31
31 vs 31
31 vs 31
30 vs 31
30 vs 30
30 vs 31
30 vs 30
31 vs 31
31 vs 31
31 vs 31
28 vs 31
31 vs 28
31 vs 31
30 vs 31
30 vs 28
31 vs 31
31 vs 31
30 vs 31
30 vs 30
31 vs 31
31 vs 31
31 vs 31
31 vs 31
31 vs 31
30 vs 31
30 vs 30
30 vs 31
31 vs 31
31 vs 31
31 vs 31
30 vs 31
30 vs 30
30 vs 31
30 vs 30
31 vs 31
31 vs 31
31 vs 31
28 vs 31
31 vs 28
31 vs 31
30 vs 31
30 vs 28
31 vs 31
31 vs 31
30 vs 31
30 vs 30
31 vs 31
31 vs 31
31 vs 31
31 vs 31
31 vs 31
30 vs 31
30 vs 30
30 vs 31
31 vs 31
31 vs 31
31 vs 31
30 vs 31
30 vs 30
30 vs 31
30 vs 30
31 vs 31
31 vs 31
31 vs 31
28 vs 31
31 vs 28
31 vs 31
30 vs 31
30 vs 28
31 vs 31
31 vs 31
30 vs 31
30 vs 30
31 vs 31
31 vs 31
31 vs 31
31 vs 31
31 vs 31
30 vs 31
30 vs 30
30 vs 31
31 vs 31
31 vs 31
31 vs 31
30 vs 31
30 vs 30
30 vs 31
30 vs 30
31 vs 31
31 vs 31
31 vs 31
28 vs 31
31 vs 28
31 vs 31
30 vs 31
30 vs 28
31 vs 31
31 vs 31
30 vs 31
30 vs 30
31 vs 31
31 vs 31
31 vs 31
31 vs 31
31 vs 31
30 vs 31
30 vs 30
30 vs 31
31 vs 31
31 vs 31
31 vs 31
30 vs 31
30 vs 30
30 vs 31
30 vs 30
31 vs 31
31 vs 31
31 vs 31
28 vs 31
31 vs 28
31 vs 31
30 vs 31
30 vs 28
31 vs 31
31 vs 31
30 vs 31
30 vs 30
31 vs 31
31 vs 31
31 vs 31
31 vs 31
31 vs 31
30 vs 31
30 vs 30
30 vs 31
31 vs 31
31 vs 31
31 vs 31
30 vs 31
30 vs 30
30 vs 31
30 vs 30
31 vs 31
31 vs 31
31 vs 31
28 vs 31
31 vs 28
31 vs 31
30 vs 31
30 vs 28
31 vs 31
31 vs 31
30 vs 31
30 vs 30
31 vs 31
31 vs 31
31 vs 31
31 vs 31
31 vs 31
30 vs 31
30 vs 30
30 vs 31
31 vs 31
31 vs 31
31 vs 31
30 vs 31
30 vs 30
30 vs 31
30 vs 30
31 vs 31
31 vs 31
31 vs 31
28 vs 31
31 vs 28
31 vs 31
30 vs 31
30 vs 28
31 vs 31
31 vs 31
30 vs 31
30 vs 30
31 vs 31
31 vs 31
31 vs 31
31 vs 31
31 vs 31
30 vs 31
30 vs 30
30 vs 31
31 vs 31
31 vs 31
31 vs 31
30 vs 31
30 vs 30
30 vs 31
30 vs 30
31 vs 31
31 vs 31
31 vs 31
28 vs 31
31 vs 28
31 vs 31
30 vs 31
30 vs 28
31 vs 31
31 vs 31
30 vs 31
30 vs 30
31 vs 31
31 vs 31
31 vs 31
31 vs 31
31 vs 31
30 vs 31
30 vs 30
30 vs 31
31 vs 31
31 vs 31
31 vs 31
30 vs 31
30 vs 30
30 vs 31
30 vs 30
31 vs 31
31 vs 31
31 vs 31
28 vs 31
31 vs 28
31 vs 31
30 vs 31
30 vs 28
31 vs 31
31 vs 31
30 vs 31
30 vs 30
31 vs 31
31 vs 31
31 vs 31
31 vs 31
31 vs 31
30 vs 31
30 vs 30
30 vs 31
31 vs 31
31 vs 31
31 vs 31
30 vs 31
30 vs 30
30 vs 31
30 vs 30
31 vs 31
31 vs 31
31 vs 31
28 vs 31
31 vs 28
31 vs 31
30 vs 31
30 vs 28
31 vs 31
31 vs 31
30 vs 31
30 vs 30
31 vs 31
31 vs 31
31 vs 31
31 vs 31
31 vs 31
30 vs 31
30 vs 30
30 vs 31
31 vs 31
31 vs 31
31 vs 31
30 vs 31
30 vs 30
30 vs 31
30 vs 30
31 vs 31
31 vs 31
31 vs 31
28 vs 31
31 vs 28
31 vs 31
30 vs 31
30 vs 28
31 vs 31
31 vs 31
30 vs 31
30 vs 30
31 vs 31
31 vs 31
31 vs 31
31 vs 31
31 vs 31
30 vs 31
30 vs 30
30 vs 31
31 vs 31
31 vs 31
31 vs 31
30 vs 31
30 vs 30
30 vs 31
30 vs 30
31 vs 31
31 vs 31
31 vs 31
28 vs 31
31 vs 28
31 vs 31
30 vs 31
30 vs 28
31 vs 31
31 vs 31
30 vs 31
30 vs 30
31 vs 31
31 vs 31
31 vs 31
31 vs 31
31 vs 31
30 vs 31
30 vs 30
30 vs 31
31 vs 31
31 vs 31
31 vs 31
30 vs 31
30 vs 30
30 vs 31
30 vs 30
31 vs 31
31 vs 31
31 vs 31
28 vs 31
31 vs 28
31 vs 31
30 vs 31
30 vs 28
31 vs 31
31 vs 31
30 vs 31
30 vs 30
31 vs 31
31 vs 31
31 vs 31
31 vs 31
31 vs 31
30 vs 31
30 vs 30
30 vs 31
31 vs 31
31 vs 31
31 vs 31
30 vs 31
30 vs 30
30 vs 31
30 vs 30
31 vs 31
31 vs 31
31 vs 31
28 vs 31
31 vs 28
31 vs 31
30 vs 31
30 vs 28
31 vs 31
31 vs 31
30 vs 31
30 vs 30
31 vs 31
31 vs 31
31 vs 31
31 vs 31
31 vs 31
30 vs 31
30 vs 30
30 vs 31
31 vs 31
31 vs 31
31 vs 31
30 vs 31
30 vs 30
30 vs 31
30 vs 30
31 vs 31
31 vs 31
31 vs 31
28 vs 31
31 vs 28
31 vs 31
30 vs 31
30 vs 28
31 vs 31
31 vs 31
30 vs 31
30 vs 30
31 vs 31
31 vs 31
31 vs 31
31 vs 31
31 vs 31
30 vs 31
30 vs 30
30 vs 31
31 vs 31
31 vs 31
31 vs 31
30 vs 31
30 vs 30
30 vs 31
30 vs 30
31 vs 31
31 vs 31
31 vs 31
28 vs 31
31 vs 28
31 vs 31
30 vs 31
30 vs 28
31 vs 31
31 vs 31
30 vs 31
30 vs 30
31 vs 31
31 vs 31
31 vs 31
31 vs 31
31 vs 31
30 vs 31
30 vs 30
30 vs 31
31 vs 31
31 vs 31
31 vs 31
30 vs 31
30 vs 30
30 vs 31
30 vs 30
31 vs 31
31 vs 31
31 vs 31
28 vs 31
31 vs 28
31 vs 31
30 vs 31
30 vs 28
31 vs 31
31 vs 31
30 vs 31
30 vs 30
31 vs 31
31 vs 31
31 vs 31
31 vs 31
31 vs 31
30 vs 31
30 vs 30
30 vs 31
31 vs 31
31 vs 31
31 vs 31
30 vs 31
30 vs 30
30 vs 31
30 vs 30
31 vs 31
31 vs 31
31 vs 31
28 vs 31
31 vs 28
31 vs 31
30 vs 31
30 vs 28
31 vs 31
31 vs 31
30 vs 31
30 vs 30
31 vs 31
31 vs 31
31 vs 31
31 vs 31
31 vs 31
30 vs 31
30 vs 30
30 vs 31
31 vs 31
31 vs 31
31 vs 31
30 vs 31
30 vs 30
30 vs 31
30 vs 30
31 vs 31
31 vs 31
31 vs 31
28 vs 31
31 vs 28
31 vs 31
30 vs 31
30 vs 28
31 vs 31
31 vs 31
30 vs 31
30 vs 30
31 vs 31
31 vs 31
31 vs 31
31 vs 31
31 vs 31
30 vs 31
30 vs 30
30 vs 31
31 vs 31
31 vs 31
31 vs 31
30 vs 31
30 vs 30
30 vs 31
30 vs 30
31 vs 31
31 vs 31
31 vs 31
28 vs 31
31 vs 28
31 vs 31
30 vs 31
30 vs 28
31 vs 31
31 vs 31
30 vs 31
30 vs 30
31 vs 31
31 vs 31
31 vs 31
31 vs 31
31 vs 31
30 vs 31
30 vs 30
30 vs 31
31 vs 31
31 vs 31
31 vs 31
30 vs 31
30 vs 30
30 vs 31
30 vs 30
31 vs 31
31 vs 31
31 vs 31
28 vs 31
31 vs 28
31 vs 31
30 vs 31
30 vs 28
31 vs 31
31 vs 31
30 vs 31
30 vs 30
31 vs 31
31 vs 31
31 vs 31
31 vs 31
31 vs 31
30 vs 31
30 vs 30
30 vs 31
31 vs 31
31 vs 31
31 vs 31
30 vs 31
30 vs 30
30 vs 31
30 vs 30
31 vs 31
31 vs 31
31 vs 31
28 vs 31
31 vs 28
31 vs 31
30 vs 31
30 vs 28
31 vs 31
31 vs 31
30 vs 31
30 vs 30
31 vs 31
31 vs 31
31 vs 31
31 vs 31
31 vs 31
30 vs 31
30 vs 30
30 vs 31
31 vs 31
31 vs 31
31 vs 31
30 vs 31
30 vs 30
30 vs 31
30 vs 30
31 vs 31
31 vs 31
31 vs 31
28 vs 31
31 vs 28
31 vs 31
30 vs 31
30 vs 28
31 vs 31
31 vs 31
30 vs 31
30 vs 30
31 vs 31
31 vs 31
31 vs 31
31 vs 31
31 vs 31
30 vs 31
30 vs 30
30 vs 31
31 vs 31
31 vs 31
31 vs 31
30 vs 31
30 vs 30
30 vs 31
30 vs 30
31 vs 31
31 vs 31
31 vs 31
28 vs 31
31 vs 28
31 vs 31
30 vs 31
30 vs 28
31 vs 31
31 vs 31
30 vs 31
30 vs 30
31 vs 31
31 vs 31
31 vs 31
31 vs 31
31 vs 31
30 vs 31
30 vs 30
30 vs 31
31 vs 31
31 vs 31
31 vs 31
30 vs 31
30 vs 30
30 vs 31
30 vs 30
31 vs 31
31 vs 31
31 vs 31
28 vs 31
31 vs 28
31 vs 31
30 vs 31
30 vs 28
31 vs 31
31 vs 31
30 vs 31
30 vs 30
31 vs 31
31 vs 31
31 vs 31
31 vs 31
31 vs 31
30 vs 31
30 vs 30
30 vs 31
31 vs 31
31 vs 31
31 vs 31
30 vs 31
30 vs 30
30 vs 31
30 vs 30
31 vs 31
31 vs 31
31 vs 31
28 vs 31
31 vs 28
31 vs 31
30 vs 31
30 vs 28
31 vs 31
31 vs 31
30 vs 31
30 vs 30
31 vs 31
31 vs 31
31 vs 31
31 vs 31
31 vs 31
30 vs 31
30 vs 30
30 vs 31
31 vs 31
31 vs 31
31 vs 31
30 vs 31
30 vs 30
30 vs 31
30 vs 30
31 vs 31
31 vs 31
31 vs 31
28 vs 31
31 vs 28
31 vs 31
30 vs 31
30 vs 28
31 vs 31
31 vs 31
30 vs 31
30 vs 30
31 vs 31
31 vs 31
31 vs 31
31 vs 31
31 vs 31
30 vs 31
30 vs 30
30 vs 31
31 vs 31
31 vs 31
31 vs 31
30 vs 31
30 vs 30
30 vs 31
30 vs 30
31 vs 31
31 vs 31
31 vs 31
28 vs 31
31 vs 28
31 vs 31
30 vs 31
30 vs 28
31 vs 31
31 vs 31
30 vs 31
30 vs 30
31 vs 31
31 vs 31
31 vs 31
31 vs 31
31 vs 31
30 vs 31
30 vs 30
30 vs 31
31 vs 31
31 vs 31
31 vs 31
30 vs 31
30 vs 30
30 vs 31
30 vs 30
31 vs 31
31 vs 31
31 vs 31
28 vs 31
31 vs 28
31 vs 31
30 vs 31
30 vs 28
31 vs 31
31 vs 31
30 vs 31
30 vs 30
31 vs 31
31 vs 31
31 vs 31
31 vs 31
31 vs 31
30 vs 31
30 vs 30
30 vs 31
31 vs 31
31 vs 31
31 vs 31
30 vs 31
30 vs 30
30 vs 31
30 vs 30
31 vs 31
31 vs 31
31 vs 31
28 vs 31
31 vs 28
31 vs 31
30 vs 31
30 vs 28
31 vs 31
31 vs 31
30 vs 31
30 vs 30
31 vs 31
31 vs 31
31 vs 31
31 vs 31
31 vs 31
30 vs 31
30 vs 30
30 vs 31
31 vs 31
31 vs 31
31 vs 31
30 vs 31
30 vs 30
30 vs 31
30 vs 30
31 vs 31
31 vs 31
31 vs 31
28 vs 31
31 vs 28
31 vs 31
30 vs 31
30 vs 28
31 vs 31
31 vs 31
30 vs 31
30 vs 30
31 vs 31
31 vs 31
31 vs 31
31 vs 31
31 vs 31
30 vs 31
30 vs 30
30 vs 31
31 vs 31
31 vs 31
31 vs 31
30 vs 31
30 vs 30
30 vs 31
30 vs 30
31 vs 31
31 vs 31
31 vs 31
28 vs 31
31 vs 28
31 vs 31
30 vs 31
30 vs 28
31 vs 31
31 vs 31
30 vs 31
30 vs 30
31 vs 31
31 vs 31
31 vs 31
31 vs 31
31 vs 31
30 vs 31
30 vs 30
30 vs 31
31 vs 31
31 vs 31
31 vs 31
30 vs 31
30 vs 30
30 vs 31
30 vs 30
31 vs 31
31 vs 31
31 vs 31
28 vs 31
31 vs 28
31 vs 31
30 vs 31
30 vs 28
31 vs 31
31 vs 31
30 vs 31
30 vs 30
31 vs 31
31 vs 31
31 vs 31
31 vs 31
31 vs 31
30 vs 31
30 vs 30
30 vs 31
31 vs 31
31 vs 31
31 vs 31
30 vs 31
30 vs 30
30 vs 31
30 vs 30
31 vs 31
31 vs 31
31 vs 31
28 vs 31
31 vs 28
31 vs 31
30 vs 31
30 vs 28
31 vs 31
31 vs 31
30 vs 31
30 vs 30
31 vs 31
31 vs 31
31 vs 31
31 vs 31
31 vs 31
30 vs 31
30 vs 30
30 vs 31
31 vs 31
31 vs 31
31 vs 31
30 vs 31
30 vs 30
30 vs 31
30 vs 30
31 vs 31
31 vs 31
31 vs 31
28 vs 31
31 vs 28
31 vs 31
30 vs 31
30 vs 28
31 vs 31
31 vs 31
30 vs 31
30 vs 30
31 vs 31
31 vs 31
31 vs 31
31 vs 31
31 vs 31
30 vs 31
30 vs 30
30 vs 31
31 vs 31
31 vs 31
31 vs 31
30 vs 31
30 vs 30
30 vs 31
30 vs 30
31 vs 31
31 vs 31
31 vs 31
28 vs 31
31 vs 28
31 vs 31
30 vs 31
30 vs 28
31 vs 31
31 vs 31
30 vs 31
30 vs 30
31 vs 31
31 vs 31
31 vs 31
31 vs 31
31 vs 31
30 vs 31
30 vs 30
30 vs 31
31 vs 31
31 vs 31
31 vs 31
30 vs 31
30 vs 30
30 vs 31
30 vs 30
31 vs 31
31 vs 31
31 vs 31
28 vs 31
31 vs 28
31 vs 31
30 vs 31
30 vs 28
31 vs 31
31 vs 31
30 vs 31
30 vs 30
31 vs 31
31 vs 31
31 vs 31
31 vs 31
31 vs 31
30 vs 31
30 vs 30
30 vs 31
31 vs 31
31 vs 31
31 vs 31
30 vs 31
30 vs 30
30 vs 31
30 vs 30
31 vs 31
31 vs 31
31 vs 31
28 vs 31
31 vs 28
31 vs 31
30 vs 31
30 vs 28
31 vs 31
31 vs 31
30 vs 31
30 vs 30
31 vs 31
31 vs 31
31 vs 31
31 vs 31
31 vs 31
30 vs 31
30 vs 30
30 vs 31
31 vs 31
31 vs 31
31 vs 31
30 vs 31
30 vs 30
30 vs 31
30 vs 30
31 vs 31
31 vs 31
31 vs 31
28 vs 31
31 vs 28
31 vs 31
30 vs 31
30 vs 28
31 vs 31
31 vs 31
30 vs 31
30 vs 30
31 vs 31
31 vs 31
31 vs 31
31 vs 31
31 vs 31
30 vs 31
30 vs 30
30 vs 31
31 vs 31
31 vs 31
31 vs 31
30 vs 31
30 vs 30
30 vs 31
30 vs 30
31 vs 31
31 vs 31
31 vs 31
28 vs 31
31 vs 28
31 vs 31
30 vs 31
30 vs 28
31 vs 31
31 vs 31
30 vs 31
30 vs 30
31 vs 31
31 vs 31
31 vs 31
31 vs 31
31 vs 31
30 vs 31
30 vs 30
30 vs 31
31 vs 31
31 vs 31
31 vs 31
30 vs 31
30 vs 30
30 vs 31
30 vs 30
31 vs 31
31 vs 31
31 vs 31
28 vs 31
31 vs 28
31 vs 31
30 vs 31
30 vs 28
31 vs 31
31 vs 31
30 vs 31
30 vs 30
31 vs 31
31 vs 31
31 vs 31
31 vs 31
31 vs 31
30 vs 31
30 vs 30
30 vs 31
31 vs 31
31 vs 31
31 vs 31
30 vs 31
30 vs 30
30 vs 31
30 vs 30
31 vs 31
31 vs 31
31 vs 31
28 vs 31
31 vs 28
31 vs 31
30 vs 31
30 vs 28
31 vs 31
31 vs 31
30 vs 31
30 vs 30
31 vs 31
31 vs 31
31 vs 31
31 vs 31
31 vs 31
30 vs 31
30 vs 30
30 vs 31
31 vs 31
31 vs 31
31 vs 31
30 vs 31
30 vs 30
30 vs 31
30 vs 30
31 vs 31
31 vs 31
31 vs 31
28 vs 31
31 vs 28
31 vs 31
30 vs 31
30 vs 28
31 vs 31
31 vs 31
30 vs 31
30 vs 30
31 vs 31
31 vs 31
31 vs 31
31 vs 31
31 vs 31
30 vs 31
30 vs 30
30 vs 31
31 vs 31
31 vs 31
31 vs 31
30 vs 31
30 vs 30
30 vs 31
30 vs 30
31 vs 31
31 vs 31
31 vs 31
28 vs 31
31 vs 28
31 vs 31
30 vs 31
30 vs 28
31 vs 31
31 vs 31
30 vs 31
30 vs 30
31 vs 31
31 vs 31
31 vs 31
31 vs 31
31 vs 31
30 vs 31
30 vs 30
30 vs 31
31 vs 31
31 vs 31
31 vs 31
30 vs 31
30 vs 30
30 vs 31
30 vs 30
31 vs 31
31 vs 31
31 vs 31
28 vs 31
31 vs 28
31 vs 31
30 vs 31
30 vs 28
31 vs 31
31 vs 31
30 vs 31
30 vs 30
31 vs 31
31 vs 31
31 vs 31
31 vs 31
31 vs 31
30 vs 31
30 vs 30
30 vs 31
31 vs 31
31 vs 31
31 vs 31
30 vs 31
30 vs 30
30 vs 31
30 vs 30
31 vs 31
31 vs 31
31 vs 31
28 vs 31
31 vs 28
31 vs 31
30 vs 31
30 vs 28
31 vs 31
31 vs 31
30 vs 31
30 vs 30
31 vs 31
31 vs 31
31 vs 31
31 vs 31
31 vs 31
30 vs 31
30 vs 30
30 vs 31
31 vs 31
31 vs 31
31 vs 31
30 vs 31
30 vs 30
30 vs 31
30 vs 30
31 vs 31
31 vs 31
31 vs 31
28 vs 31
31 vs 28
31 vs 31
30 vs 31
30 vs 28
31 vs 31
31 vs 31
30 vs 31
30 vs 30
31 vs 31
31 vs 31
31 vs 31
31 vs 31
31 vs 31
30 vs 31
30 vs 30
30 vs 31
31 vs 31
31 vs 31
31 vs 31
30 vs 31
30 vs 30
30 vs 31
30 vs 30
31 vs 31
31 vs 31
31 vs 31
28 vs 31
31 vs 28
31 vs 31
30 vs 31
30 vs 28
31 vs 31
31 vs 31
30 vs 31
30 vs 30
31 vs 31
31 vs 31
31 vs 31
31 vs 31
31 vs 31
30 vs 31
30 vs 30
30 vs 31
31 vs 31
31 vs 31
31 vs 31
30 vs 31
30 vs 30
30 vs 31
30 vs 30
31 vs 31
31 vs 31
31 vs 31
28 vs 31
31 vs 28
31 vs 31
30 vs 31
30 vs 28
31 vs 31
31 vs 31
30 vs 31
30 vs 30
31 vs 31
31 vs 31
31 vs 31
31 vs 31
31 vs 31
30 vs 31
30 vs 30
30 vs 31
31 vs 31
31 vs 31
31 vs 31
30 vs 31
30 vs 30
30 vs 31
30 vs 30
31 vs 31
31 vs 31
31 vs 31
28 vs 31
31 vs 28
31 vs 31
30 vs 31
30 vs 28
31 vs 31
31 vs 31
30 vs 31
30 vs 30
31 vs 31
31 vs 31
31 vs 31
31 vs 31
31 vs 31
30 vs 31
30 vs 30
30 vs 31
31 vs 31
31 vs 31
31 vs 31
30 vs 31
30 vs 30
30 vs 31
30 vs 30
31 vs 31
31 vs 31
31 vs 31
28 vs 31
31 vs 28
31 vs 31
30 vs 31
30 vs 28
31 vs 31
31 vs 31
30 vs 31
30 vs 30
31 vs 31
31 vs 31
31 vs 31
31 vs 31
31 vs 31
30 vs 31
30 vs 30
30 vs 31
31 vs 31
31 vs 31
31 vs 31
30 vs 31
30 vs 30
30 vs 31
30 vs 30
31 vs 31
31 vs 31
31 vs 31
28 vs 31
31 vs 28
31 vs 31
30 vs 31
30 vs 28
31 vs 31
31 vs 31
30 vs 31
30 vs 30
31 vs 31
31 vs 31
31 vs 31
31 vs 31
31 vs 31
30 vs 31
30 vs 30
30 vs 31
31 vs 31
31 vs 31
31 vs 31
30 vs 31
30 vs 30
30 vs 31
30 vs 30
31 vs 31
31 vs 31
31 vs 31
28 vs 31
31 vs 28
31 vs 31
30 vs 31
30 vs 28
31 vs 31
31 vs 31
30 vs 31
30 vs 30
31 vs 31
31 vs 31
31 vs 31
31 vs 31
31 vs 31
30 vs 31
30 vs 30
30 vs 31
31 vs 31
31 vs 31
31 vs 31
30 vs 31
30 vs 30
30 vs 31
30 vs 30
31 vs 31
31 vs 31
31 vs 31
28 vs 31
31 vs 28
31 vs 31
30 vs 31
30 vs 28
31 vs 31
31 vs 31
30 vs 31
30 vs 30
31 vs 31
31 vs 31
31 vs 31
31 vs 31
31 vs 31
30 vs 31
30 vs 30
30 vs 31
31 vs 31
31 vs 31
31 vs 31
30 vs 31
30 vs 30
30 vs 31
30 vs 30
31 vs 31
31 vs 31
31 vs 31
28 vs 31
31 vs 28
31 vs 31
30 vs 31
30 vs 28
31 vs 31
31 vs 31
30 vs 31
30 vs 30
31 vs 31
31 vs 31
31 vs 31
31 vs 31
31 vs 31
30 vs 31
30 vs 30
30 vs 31
31 vs 31
31 vs 31
31 vs 31
30 vs 31
30 vs 30
30 vs 31
30 vs 30
31 vs 31
31 vs 31
31 vs 31
28 vs 31
31 vs 28
31 vs 31
30 vs 31
30 vs 28
31 vs 31
31 vs 31
30 vs 31
30 vs 30
31 vs 31
31 vs 31
31 vs 31
31 vs 31
31 vs 31
30 vs 31
30 vs 30
30 vs 31
31 vs 31
31 vs 31
31 vs 31
30 vs 31
30 vs 30
30 vs 31
30 vs 30
31 vs 31
31 vs 31
31 vs 31
28 vs 31
31 vs 28
31 vs 31
30 vs 31
30 vs 28
31 vs 31
31 vs 31
30 vs 31
30 vs 30
31 vs 31
31 vs 31
31 vs 31
31 vs 31
31 vs 31
30 vs 31
30 vs 30
30 vs 31
31 vs 31
31 vs 31
31 vs 31
30 vs 31
30 vs 30
30 vs 31
30 vs 30
31 vs 31
31 vs 31
31 vs 31
28 vs 31
31 vs 28
31 vs 31
30 vs 31
30 vs 28
31 vs 31
31 vs 31
30 vs 31
30 vs 30
31 vs 31
31 vs 31
31 vs 31
31 vs 31
31 vs 31
30 vs 31
30 vs 30
30 vs 31
31 vs 31
31 vs 31
31 vs 31
30 vs 31
30 vs 30
30 vs 31
30 vs 30
31 vs 31
31 vs 31
31 vs 31
28 vs 31
31 vs 28
31 vs 31
30 vs 31
30 vs 28
31 vs 31
31 vs 31
30 vs 31
30 vs 30
31 vs 31
31 vs 31
31 vs 31
31 vs 31
31 vs 31
30 vs 31
30 vs 30
30 vs 31
31 vs 31
31 vs 31
31 vs 31
30 vs 31
30 vs 30
30 vs 31
30 vs 30
31 vs 31
31 vs 31
31 vs 31
28 vs 31
31 vs 28
31 vs 31
30 vs 31
30 vs 28
31 vs 31
31 vs 31
30 vs 31
30 vs 30
31 vs 31
31 vs 31
31 vs 31
31 vs 31
31 vs 31
30 vs 31
30 vs 30
30 vs 31
31 vs 31
31 vs 31
31 vs 31
30 vs 31
30 vs 30
30 vs 31
30 vs 30
31 vs 31
31 vs 31
31 vs 31
28 vs 31
31 vs 28
31 vs 31
30 vs 31
30 vs 28
31 vs 31
31 vs 31
30 vs 31
30 vs 30
31 vs 31
31 vs 31
31 vs 31
31 vs 31
31 vs 31
30 vs 31
30 vs 30
30 vs 31
31 vs 31
31 vs 31
31 vs 31
30 vs 31
30 vs 30
30 vs 31
30 vs 30
31 vs 31
31 vs 31
31 vs 31
28 vs 31
31 vs 28
31 vs 31
30 vs 31
30 vs 28
31 vs 31
31 vs 31
30 vs 31
30 vs 30
31 vs 31
31 vs 31
31 vs 31
31 vs 31
31 vs 31
30 vs 31
30 vs 30
30 vs 31
31 vs 31
31 vs 31
31 vs 31
30 vs 31
30 vs 30
30 vs 31
30 vs 30
31 vs 31
31 vs 31
31 vs 31
28 vs 31
31 vs 28
31 vs 31
30 vs 31
30 vs 28
31 vs 31
31 vs 31
30 vs 31
30 vs 30
31 vs 31
31 vs 31
31 vs 31
31 vs 31
31 vs 31
30 vs 31
30 vs 30
30 vs 31
31 vs 31
31 vs 31
31 vs 31
30 vs 31
30 vs 30
30 vs 31
30 vs 30
31 vs 31
31 vs 31
31 vs 31
28 vs 31
31 vs 28
31 vs 31
30 vs 31
30 vs 28
31 vs 31
31 vs 31
30 vs 31
30 vs 30
31 vs 31
31 vs 31
31 vs 31
31 vs 31
31 vs 31
30 vs 31
30 vs 30
30 vs 31
31 vs 31
31 vs 31
31 vs 31
30 vs 31
30 vs 30
30 vs 31
30 vs 30
31 vs 31
31 vs 31
31 vs 31
28 vs 31
31 vs 28
31 vs 31
30 vs 31
30 vs 28
31 vs 31
31 vs 31
30 vs 31
30 vs 30
31 vs 31
31 vs 31
31 vs 31
31 vs 31
31 vs 31
30 vs 31
30 vs 30
30 vs 31
31 vs 31
31 vs 31
31 vs 31
30 vs 31
30 vs 30
30 vs 31
30 vs 30
31 vs 31
31 vs 31
31 vs 31
28 vs 31
31 vs 28
31 vs 31
30 vs 31
30 vs 28
31 vs 31
31 vs 31
30 vs 31
30 vs 30
31 vs 31
31 vs 31
31 vs 31
31 vs 31
31 vs 31
30 vs 31
30 vs 30
30 vs 31
31 vs 31
31 vs 31
31 vs 31
30 vs 31
30 vs 30
30 vs 31
30 vs 30
31 vs 31
31 vs 31
31 vs 31
28 vs 31
31 vs 28
31 vs 31
30 vs 31
30 vs 28
31 vs 31
31 vs 31
30 vs 31
30 vs 30
31 vs 31
31 vs 31
31 vs 31
31 vs 31
31 vs 31
30 vs 31
30 vs 30
30 vs 31
31 vs 31
31 vs 31
31 vs 31
30 vs 31
30 vs 30
30 vs 31
30 vs 30
31 vs 31
31 vs 31
31 vs 31
28 vs 31
31 vs 28
31 vs 31
30 vs 31
30 vs 28
31 vs 31
31 vs 31
30 vs 31
30 vs 30
31 vs 31
31 vs 31
31 vs 31
31 vs 31
31 vs 31
30 vs 31
30 vs 30
30 vs 31
31 vs 31
31 vs 31
31 vs 31
30 vs 31
30 vs 30
30 vs 31
30 vs 30
31 vs 31
31 vs 31
31 vs 31
28 vs 31
31 vs 28
31 vs 31
30 vs 31
30 vs 28
31 vs 31
31 vs 31
30 vs 31
30 vs 30
31 vs 31
31 vs 31
31 vs 31
31 vs 31
31 vs 31
30 vs 31
30 vs 30
30 vs 31
31 vs 31
31 vs 31
31 vs 31
30 vs 31
30 vs 30
30 vs 31
30 vs 30
31 vs 31
31 vs 31
31 vs 31
28 vs 31
31 vs 28
31 vs 31
30 vs 31
30 vs 28
31 vs 31
31 vs 31
30 vs 31
30 vs 30
31 vs 31
31 vs 31
31 vs 31
31 vs 31
31 vs 31
30 vs 31
30 vs 30
30 vs 31
31 vs 31
31 vs 31
31 vs 31
30 vs 31
30 vs 30
30 vs 31
30 vs 30
31 vs 31
31 vs 31
31 vs 31
28 vs 31
31 vs 28
31 vs 31
30 vs 31
30 vs 28
31 vs 31
31 vs 31
30 vs 31
30 vs 30
31 vs 31
31 vs 31
31 vs 31
31 vs 31
31 vs 31
30 vs 31
30 vs 30
30 vs 31
31 vs 31
31 vs 31
31 vs 31
30 vs 31
30 vs 30
30 vs 31
30 vs 30
31 vs 31
31 vs 31
31 vs 31
28 vs 31
31 vs 28
31 vs 31
30 vs 31
30 vs 28
31 vs 31
31 vs 31
30 vs 31
30 vs 30
31 vs 31
31 vs 31
31 vs 31
31 vs 31
31 vs 31
30 vs 31
30 vs 30
30 vs 31
31 vs 31
31 vs 31
31 vs 31
30 vs 31
30 vs 30
30 vs 31
30 vs 30
31 vs 31
31 vs 31
31 vs 31
28 vs 31
31 vs 28
31 vs 31
30 vs 31
30 vs 28
31 vs 31
31 vs 31
30 vs 31
30 vs 30
31 vs 31
31 vs 31
31 vs 31
31 vs 31
31 vs 31
30 vs 31
30 vs 30
30 vs 31
31 vs 31
31 vs 31
31 vs 31
30 vs 31
30 vs 30
30 vs 31
30 vs 30
31 vs 31
31 vs 31
31 vs 31
28 vs 31
31 vs 28
31 vs 31
30 vs 31
30 vs 28
31 vs 31
31 vs 31
30 vs 31
30 vs 30
31 vs 31
31 vs 31
31 vs 31
31 vs 31
31 vs 31
30 vs 31
30 vs 30
30 vs 31
31 vs 31
31 vs 31
31 vs 31
30 vs 31
30 vs 30
30 vs 31
30 vs 30
31 vs 31
31 vs 31
31 vs 31
28 vs 31
31 vs 28
31 vs 31
30 vs 31
30 vs 28
31 vs 31
31 vs 31
30 vs 31
30 vs 30
31 vs 31
31 vs 31
31 vs 31
31 vs 31
31 vs 31
30 vs 31
30 vs 30
30 vs 31
31 vs 31
31 vs 31
31 vs 31
30 vs 31
30 vs 30
30 vs 31
30 vs 30
31 vs 31
31 vs 31
31 vs 31
28 vs 31
31 vs 28
31 vs 31
30 vs 31
30 vs 28
31 vs 31
31 vs 31
30 vs 31
30 vs 30
31 vs 31
31 vs 31
31 vs 31
31 vs 31
31 vs 31
30 vs 31
30 vs 30
30 vs 31
31 vs 31
31 vs 31
31 vs 31
30 vs 31
30 vs 30
30 vs 31
30 vs 30
31 vs 31
31 vs 31
31 vs 31
28 vs 31
31 vs 28
31 vs 31
30 vs 31
30 vs 28
31 vs 31
31 vs 31
30 vs 31
30 vs 30
31 vs 31
31 vs 31
31 vs 31
31 vs 31
31 vs 31
30 vs 31
30 vs 30
30 vs 31
31 vs 31
31 vs 31
31 vs 31
30 vs 31
30 vs 30
30 vs 31
30 vs 30
31 vs 31
31 vs 31
31 vs 31
28 vs 31
31 vs 28
31 vs 31
30 vs 31
30 vs 28
31 vs 31
31 vs 31
30 vs 31
30 vs 30
31 vs 31
31 vs 31
31 vs 31
31 vs 31
31 vs 31
30 vs 31
30 vs 30
30 vs 31
31 vs 31
31 vs 31
31 vs 31
30 vs 31
30 vs 30
30 vs 31
30 vs 30
31 vs 31
31 vs 31
31 vs 31
28 vs 31
31 vs 28
31 vs 31
30 vs 31
30 vs 28
31 vs 31
31 vs 31
30 vs 31
30 vs 30
31 vs 31
31 vs 31
31 vs 31
31 vs 31
31 vs 31
30 vs 31
30 vs 30
30 vs 31
31 vs 31
31 vs 31
31 vs 31
30 vs 31
30 vs 30
30 vs 31
30 vs 30
31 vs 31
31 vs 31
31 vs 31
28 vs 31
31 vs 28
31 vs 31
30 vs 31
30 vs 28
31 vs 31
31 vs 31
30 vs 31
30 vs 30
31 vs 31
31 vs 31
31 vs 31
31 vs 31
31 vs 31
30 vs 31
30 vs 30
30 vs 31
31 vs 31
31 vs 31
31 vs 31
30 vs 31
30 vs 30
30 vs 31
30 vs 30
31 vs 31
31 vs 31
31 vs 31
28 vs 31
31 vs 28
31 vs 31
30 vs 31
30 vs 28
31 vs 31
31 vs 31
30 vs 31
30 vs 30
31 vs 31
31 vs 31
31 vs 31
31 vs 31
31 vs 31
30 vs 31
30 vs 30
30 vs 31
31 vs 31
31 vs 31
31 vs 31
30 vs 31
30 vs 30
30 vs 31
30 vs 30
31 vs 31
31 vs 31
31 vs 31
28 vs 31
31 vs 28
31 vs 31
30 vs 31
30 vs 28
31 vs 31
31 vs 31
30 vs 31
30 vs 30
31 vs 31
31 vs 31
31 vs 31
31 vs 31
31 vs 31
30 vs 31
30 vs 30
30 vs 31
31 vs 31
31 vs 31
31 vs 31
30 vs 31
30 vs 30
30 vs 31
30 vs 30
31 vs 31
31 vs 31
31 vs 31
28 vs 31
31 vs 28
31 vs 31
30 vs 31
30 vs 28
31 vs 31
31 vs 31
30 vs 31
30 vs 30
31 vs 31
31 vs 31
31 vs 31
31 vs 31
31 vs 31
30 vs 31
30 vs 30
30 vs 31
31 vs 31
31 vs 31
31 vs 31
30 vs 31
30 vs 30
30 vs 31
30 vs 30
31 vs 31
31 vs 31
31 vs 31
28 vs 31
31 vs 28
31 vs 31
30 vs 31
30 vs 28
31 vs 31
31 vs 31
30 vs 31
30 vs 30
31 vs 31
31 vs 31
31 vs 31
31 vs 31
31 vs 31
30 vs 31
30 vs 30
30 vs 31
31 vs 31
31 vs 31
31 vs 31
30 vs 31
30 vs 30
30 vs 31
30 vs 30
31 vs 31
31 vs 31
31 vs 31
28 vs 31
31 vs 28
31 vs 31
30 vs 31
30 vs 28
31 vs 31
31 vs 31
30 vs 31
30 vs 30
31 vs 31
31 vs 31
31 vs 31
31 vs 31
31 vs 31
30 vs 31
30 vs 30
30 vs 31
31 vs 31
31 vs 31
31 vs 31
30 vs 31
30 vs 30
30 vs 31
30 vs 30
31 vs 31
31 vs 31
31 vs 31
28 vs 31
31 vs 28
31 vs 31
30 vs 31
30 vs 28
31 vs 31
31 vs 31
30 vs 31
30 vs 30
31 vs 31
31 vs 31
31 vs 31
31 vs 31
31 vs 31
30 vs 31
30 vs 30
30 vs 31
31 vs 31
31 vs 31
31 vs 31
30 vs 31
30 vs 30
30 vs 31
30 vs 30
31 vs 31
31 vs 31
31 vs 31
28 vs 31
31 vs 28
31 vs 31
30 vs 31
30 vs 28
31 vs 31
31 vs 31
30 vs 31
30 vs 30
31 vs 31
31 vs 31
31 vs 31
31 vs 31
31 vs 31
30 vs 31
30 vs 30
30 vs 31
31 vs 31
31 vs 31
31 vs 31
30 vs 31
30 vs 30
30 vs 31
30 vs 30
31 vs 31
31 vs 31
31 vs 31
28 vs 31
31 vs 28
31 vs 31
30 vs 31
30 vs 28
31 vs 31
31 vs 31
30 vs 31
30 vs 30
31 vs 31
31 vs 31
31 vs 31
31 vs 31
31 vs 31
30 vs 31
30 vs 30
30 vs 31
31 vs 31
31 vs 31
31 vs 31
30 vs 31
30 vs 30
30 vs 31
30 vs 30
31 vs 31
31 vs 31
31 vs 31
28 vs 31
31 vs 28
31 vs 31
30 vs 31
30 vs 28
31 vs 31
31 vs 31
30 vs 31
30 vs 30
31 vs 31
31 vs 31
31 vs 31
31 vs 31
31 vs 31
30 vs 31
30 vs 30
30 vs 31
31 vs 31
31 vs 31
31 vs 31
30 vs 31
30 vs 30
30 vs 31
30 vs 30
31 vs 31
31 vs 31
31 vs 31
28 vs 31
31 vs 28
31 vs 31
30 vs 31
30 vs 28
31 vs 31
31 vs 31
30 vs 31
30 vs 30
31 vs 31
31 vs 31
31 vs 31
31 vs 31
31 vs 31
30 vs 31
30 vs 30
30 vs 31
31 vs 31
31 vs 31
31 vs 31
30 vs 31
30 vs 30
30 vs 31
30 vs 30
31 vs 31
31 vs 31
31 vs 31
28 vs 31
31 vs 28
31 vs 31
30 vs 31
30 vs 28
31 vs 31
31 vs 31
30 vs 31
30 vs 30
31 vs 31
31 vs 31
31 vs 31
31 vs 31
31 vs 31
30 vs 31
30 vs 30
30 vs 31
31 vs 31
31 vs 31
31 vs 31
30 vs 31
30 vs 30
30 vs 31
30 vs 30
31 vs 31
31 vs 31
31 vs 31
28 vs 31
31 vs 28
31 vs 31
30 vs 31
30 vs 28
31 vs 31
31 vs 31
30 vs 31
30 vs 30
31 vs 31
31 vs 31
31 vs 31
31 vs 31
31 vs 31
30 vs 31
30 vs 30
30 vs 31
31 vs 31
31 vs 31
31 vs 31
30 vs 31
30 vs 30
30 vs 31
30 vs 30
31 vs 31
31 vs 31
31 vs 31
28 vs 31
31 vs 28
31 vs 31
30 vs 31
30 vs 28
31 vs 31
31 vs 31
30 vs 31
30 vs 30
31 vs 31
31 vs 31
31 vs 31
31 vs 31
31 vs 31
30 vs 31
30 vs 30
30 vs 31
31 vs 31
31 vs 31
31 vs 31
30 vs 31
30 vs 30
30 vs 31
30 vs 30
31 vs 31
31 vs 31
31 vs 31
28 vs 31
31 vs 28
31 vs 31
30 vs 31
30 vs 28
31 vs 31
31 vs 31
30 vs 31
30 vs 30
31 vs 31
31 vs 31
31 vs 31
31 vs 31
31 vs 31
30 vs 31
30 vs 30
30 vs 31
31 vs 31
31 vs 31
31 vs 31
30 vs 31
30 vs 30
30 vs 31
30 vs 30
31 vs 31
31 vs 31
31 vs 31
28 vs 31
31 vs 28
31 vs 31
30 vs 31
30 vs 28
31 vs 31
31 vs 31
30 vs 31
30 vs 30
31 vs 31
31 vs 31
31 vs 31
31 vs 31
31 vs 31
30 vs 31
30 vs 30
30 vs 31
31 vs 31
31 vs 31
31 vs 31
30 vs 31
30 vs 30
30 vs 31
30 vs 30
31 vs 31
31 vs 31
31 vs 31
28 vs 31
31 vs 28
31 vs 31
30 vs 31
30 vs 28
31 vs 31
31 vs 31
30 vs 31
30 vs 30
31 vs 31
31 vs 31
31 vs 31
31 vs 31
31 vs 31
30 vs 31
30 vs 30
30 vs 31
31 vs 31
31 vs 31
31 vs 31
30 vs 31
30 vs 30
30 vs 31
30 vs 30
31 vs 31
31 vs 31
31 vs 31
28 vs 31
31 vs 28
31 vs 31
30 vs 31
30 vs 28
31 vs 31
31 vs 31
30 vs 31
30 vs 30
31 vs 31
31 vs 31
31 vs 31
31 vs 31
31 vs 31
30 vs 31
30 vs 30
30 vs 31
31 vs 31
31 vs 31
31 vs 31
30 vs 31
30 vs 30
30 vs 31
30 vs 30
31 vs 31
31 vs 31
31 vs 31
28 vs 31
31 vs 28
31 vs 31
30 vs 31
30 vs 28
31 vs 31
31 vs 31
30 vs 31
30 vs 30
31 vs 31
31 vs 31
31 vs 31
31 vs 31
31 vs 31
30 vs 31
30 vs 30
30 vs 31
31 vs 31
31 vs 31
31 vs 31
30 vs 31
30 vs 30
30 vs 31
30 vs 30
31 vs 31
31 vs 31
31 vs 31
28 vs 31
31 vs 28
31 vs 31
30 vs 31
30 vs 28
31 vs 31
31 vs 31
30 vs 31
30 vs 30
31 vs 31
31 vs 31
31 vs 31
31 vs 31
31 vs 31
30 vs 31
30 vs 30
30 vs 31
31 vs 31
31 vs 31
31 vs 31
30 vs 31
30 vs 30
30 vs 31
30 vs 30
31 vs 31
31 vs 31
31 vs 31
28 vs 31
31 vs 28
31 vs 31
30 vs 31
30 vs 28
31 vs 31
31 vs 31
30 vs 31
30 vs 30
31 vs 31
31 vs 31
31 vs 31
31 vs 31
31 vs 31
30 vs 31
30 vs 30
30 vs 31
31 vs 31
31 vs 31
31 vs 31
30 vs 31
30 vs 30
30 vs 31
30 vs 30
31 vs 31
31 vs 31
31 vs 31
28 vs 31
31 vs 28
31 vs 31
30 vs 31
30 vs 28
31 vs 31
31 vs 31
30 vs 31
30 vs 30
31 vs 31
31 vs 31
31 vs 31
31 vs 31
31 vs 31
30 vs 31
30 vs 30
30 vs 31
31 vs 31
31 vs 31
31 vs 31
30 vs 31
30 vs 30
30 vs 31
30 vs 30
31 vs 31
31 vs 31
31 vs 31
28 vs 31
31 vs 28
31 vs 31
30 vs 31
30 vs 28
31 vs 31
31 vs 31
30 vs 31
30 vs 30
31 vs 31
31 vs 31
31 vs 31
31 vs 31
31 vs 31
30 vs 31
30 vs 30
30 vs 31
31 vs 31
31 vs 31
31 vs 31
30 vs 31
30 vs 30
30 vs 31
30 vs 30
31 vs 31
31 vs 31
31 vs 31
28 vs 31
31 vs 28
31 vs 31
30 vs 31
30 vs 28
31 vs 31
31 vs 31
30 vs 31
30 vs 30
31 vs 31
31 vs 31
31 vs 31
31 vs 31
31 vs 31
30 vs 31
30 vs 30
30 vs 31
31 vs 31
31 vs 31
31 vs 31
30 vs 31
30 vs 30
30 vs 31
30 vs 30
31 vs 31
31 vs 31
31 vs 31
28 vs 31
31 vs 28
31 vs 31
30 vs 31
30 vs 28
31 vs 31
31 vs 31
30 vs 31
30 vs 30
31 vs 31
31 vs 31
31 vs 31
31 vs 31
31 vs 31
30 vs 31
30 vs 30
30 vs 31
31 vs 31
31 vs 31
31 vs 31
30 vs 31
30 vs 30
30 vs 31
30 vs 30
31 vs 31
31 vs 31
31 vs 31
28 vs 31
31 vs 28
31 vs 31
30 vs 31
30 vs 28
31 vs 31
31 vs 31
30 vs 31
30 vs 30
31 vs 31
31 vs 31
31 vs 31
31 vs 31
31 vs 31
30 vs 31
30 vs 30
30 vs 31
31 vs 31
31 vs 31
31 vs 31
30 vs 31
30 vs 30
30 vs 31
30 vs 30
31 vs 31
31 vs 31
31 vs 31
28 vs 31
31 vs 28
31 vs 31
30 vs 31
30 vs 28
31 vs 31
31 vs 31
30 vs 31
30 vs 30
31 vs 31
31 vs 31
31 vs 31
31 vs 31
31 vs 31
30 vs 31
30 vs 30
30 vs 31
31 vs 31
31 vs 31
31 vs 31
30 vs 31
30 vs 30
30 vs 31
30 vs 30
31 vs 31
31 vs 31
31 vs 31
28 vs 31
31 vs 28
31 vs 31
30 vs 31
30 vs 28
31 vs 31
31 vs 31
30 vs 31
30 vs 30
31 vs 31
31 vs 31
31 vs 31
31 vs 31
31 vs 31
30 vs 31
30 vs 30
30 vs 31
31 vs 31
31 vs 31
31 vs 31
30 vs 31
30 vs 30
30 vs 31
30 vs 30
31 vs 31
31 vs 31
31 vs 31
28 vs 31
31 vs 28
31 vs 31
30 vs 31
30 vs 28
31 vs 31
31 vs 31
30 vs 31
30 vs 30
31 vs 31
31 vs 31
31 vs 31
31 vs 31
31 vs 31
30 vs 31
30 vs 30
30 vs 31
31 vs 31
31 vs 31
31 vs 31
30 vs 31
30 vs 30
30 vs 31
30 vs 30
31 vs 31
31 vs 31
31 vs 31
28 vs 31
31 vs 28
31 vs 31
30 vs 31
30 vs 28
31 vs 31
31 vs 31
30 vs 31
30 vs 30
31 vs 31
31 vs 31
31 vs 31
31 vs 31
31 vs 31
30 vs 31
30 vs 30
30 vs 31
31 vs 31
31 vs 31
31 vs 31
30 vs 31
30 vs 30
30 vs 31
30 vs 30
31 vs 31
31 vs 31
31 vs 31
28 vs 31
31 vs 28
31 vs 31
30 vs 31
30 vs 28
31 vs 31
31 vs 31
30 vs 31
30 vs 30
31 vs 31
31 vs 31
31 vs 31
31 vs 31
31 vs 31
30 vs 31
30 vs 30
30 vs 31
31 vs 31
31 vs 31
31 vs 31
30 vs 31
30 vs 30
30 vs 31
30 vs 30
31 vs 31
31 vs 31
31 vs 31
28 vs 31
31 vs 28
31 vs 31
30 vs 31
30 vs 28
31 vs 31
31 vs 31
30 vs 31
30 vs 30
31 vs 31
31 vs 31
31 vs 31
31 vs 31
31 vs 31
30 vs 31
30 vs 30
30 vs 31
31 vs 31
31 vs 31
31 vs 31
30 vs 31
30 vs 30
30 vs 31
30 vs 30
31 vs 31
31 vs 31
31 vs 31
28 vs 31
31 vs 28
31 vs 31
30 vs 31
30 vs 28
31 vs 31
31 vs 31
30 vs 31
30 vs 30
31 vs 31
31 vs 31
31 vs 31
31 vs 31
31 vs 31
30 vs 31
30 vs 30
30 vs 31
31 vs 31
31 vs 31
31 vs 31
30 vs 31
30 vs 30
30 vs 31
30 vs 30
31 vs 31
31 vs 31
31 vs 31
28 vs 31
31 vs 28
31 vs 31
30 vs 31
30 vs 28
31 vs 31
31 vs 31
30 vs 31
30 vs 30
31 vs 31
31 vs 31
31 vs 31
31 vs 31
31 vs 31
30 vs 31
30 vs 30
30 vs 31
31 vs 31
31 vs 31
31 vs 31
30 vs 31
30 vs 30
30 vs 31
30 vs 30
31 vs 31
31 vs 31
31 vs 31
28 vs 31
31 vs 28
31 vs 31
30 vs 31
30 vs 28
31 vs 31
31 vs 31
30 vs 31
30 vs 30
31 vs 31
31 vs 31
31 vs 31
31 vs 31
31 vs 31
30 vs 31
30 vs 30
30 vs 31
31 vs 31
31 vs 31
31 vs 31
30 vs 31
30 vs 30
30 vs 31
30 vs 30
31 vs 31
31 vs 31
31 vs 31
28 vs 31
31 vs 28
31 vs 31
30 vs 31
30 vs 28
31 vs 31
31 vs 31
30 vs 31
30 vs 30
31 vs 31
31 vs 31
31 vs 31
31 vs 31
31 vs 31
30 vs 31
30 vs 30
30 vs 31
31 vs 31
31 vs 31
31 vs 31
30 vs 31
30 vs 30
30 vs 31
30 vs 30
31 vs 31
31 vs 31
31 vs 31
28 vs 31
31 vs 28
31 vs 31
30 vs 31
30 vs 28
31 vs 31
31 vs 31
30 vs 31
30 vs 30
31 vs 31
31 vs 31
31 vs 31
31 vs 31
31 vs 31
30 vs 31
30 vs 30
30 vs 31
31 vs 31
31 vs 31
31 vs 31
30 vs 31
30 vs 30
30 vs 31
30 vs 30
31 vs 31
31 vs 31
31 vs 31
28 vs 31
31 vs 28
31 vs 31
30 vs 31
30 vs 28
31 vs 31
31 vs 31
30 vs 31
30 vs 30
31 vs 31
31 vs 31
31 vs 31
31 vs 31
31 vs 31
30 vs 31
30 vs 30
30 vs 31
31 vs 31
31 vs 31
31 vs 31
30 vs 31
30 vs 30
30 vs 31
30 vs 30
31 vs 31
31 vs 31
31 vs 31
28 vs 31
31 vs 28
31 vs 31
30 vs 31
30 vs 28
31 vs 31
31 vs 31
30 vs 31
30 vs 30
31 vs 31
31 vs 31
31 vs 31
31 vs 31
31 vs 31
30 vs 31
30 vs 30
30 vs 31
31 vs 31
31 vs 31
31 vs 31
30 vs 31
30 vs 30
30 vs 31
30 vs 30
31 vs 31
31 vs 31
31 vs 31
28 vs 31
31 vs 28
31 vs 31
30 vs 31
30 vs 28
31 vs 31
31 vs 31
30 vs 31
30 vs 30
31 vs 31
31 vs 31
31 vs 31
31 vs 31
31 vs 31
30 vs 31
30 vs 30
30 vs 31
31 vs 31
31 vs 31
31 vs 31
30 vs 31
30 vs 30
30 vs 31
30 vs 30
31 vs 31
31 vs 31
31 vs 31
28 vs 31
31 vs 28
31 vs 31
30 vs 31
30 vs 28
31 vs 31
31 vs 31
30 vs 31
30 vs 30
31 vs 31
31 vs 31
31 vs 31
31 vs 31
31 vs 31
30 vs 31
30 vs 30
30 vs 31
31 vs 31
31 vs 31
31 vs 31
30 vs 31
30 vs 30
30 vs 31
30 vs 30
31 vs 31
31 vs 31
31 vs 31
28 vs 31
31 vs 28
31 vs 31
30 vs 31
30 vs 28
31 vs 31
31 vs 31
30 vs 31
30 vs 30
31 vs 31
31 vs 31
31 vs 31
31 vs 31
31 vs 31
30 vs 31
30 vs 30
30 vs 31
31 vs 31
31 vs 31
31 vs 31
30 vs 31
30 vs 30
30 vs 31
30 vs 30
31 vs 31
31 vs 31
31 vs 31
28 vs 31
31 vs 28
31 vs 31
30 vs 31
30 vs 28
31 vs 31
31 vs 31
30 vs 31
30 vs 30
31 vs 31
31 vs 31
31 vs 31
31 vs 31
31 vs 31
30 vs 31
30 vs 30
30 vs 31
31 vs 31
31 vs 31
31 vs 31
30 vs 31
30 vs 30
30 vs 31
30 vs 30
31 vs 31
31 vs 31
31 vs 31
28 vs 31
31 vs 28
31 vs 31
30 vs 31
30 vs 28
31 vs 31
31 vs 31
30 vs 31
30 vs 30
31 vs 31
31 vs 31
31 vs 31
31 vs 31
31 vs 31
30 vs 31
30 vs 30
30 vs 31
31 vs 31
31 vs 31
31 vs 31
30 vs 31
30 vs 30
30 vs 31
30 vs 30
31 vs 31
31 vs 31
31 vs 31
28 vs 31
31 vs 28
31 vs 31
30 vs 31
30 vs 28
31 vs 31
31 vs 31
30 vs 31
30 vs 30
31 vs 31
31 vs 31
31 vs 31
31 vs 31
31 vs 31
30 vs 31
30 vs 30
30 vs 31
31 vs 31
31 vs 31
31 vs 31
30 vs 31
30 vs 30
30 vs 31
30 vs 30
31 vs 31
31 vs 31
31 vs 31
28 vs 31
31 vs 28
31 vs 31
30 vs 31
30 vs 28
31 vs 31
31 vs 31
30 vs 31
30 vs 30
31 vs 31
31 vs 31
31 vs 31
31 vs 31
31 vs 31
30 vs 31
30 vs 30
30 vs 31
31 vs 31
31 vs 31
31 vs 31
30 vs 31
30 vs 30
30 vs 31
30 vs 30
31 vs 31
31 vs 31
31 vs 31
28 vs 31
31 vs 28
31 vs 31
30 vs 31
30 vs 28
31 vs 31
31 vs 31
30 vs 31
30 vs 30
31 vs 31
31 vs 31
31 vs 31
31 vs 31
31 vs 31
30 vs 31
30 vs 30
30 vs 31
31 vs 31
31 vs 31
31 vs 31
30 vs 31
30 vs 30
30 vs 31
30 vs 30
31 vs 31
31 vs 31
31 vs 31
31 vs 31
31 vs 31
28 vs 31
28 vs 31
28 vs 31
28 vs 31
28 vs 31
28 vs 28
28 vs 31
28 vs 28
31 vs 31
31 vs 31
31 vs 31
31 vs 31
31 vs 31
31 vs 31
31 vs 31
31 vs 31
30 vs 31
30 vs 28
30 vs 31
30 vs 31
30 vs 28
30 vs 31
30 vs 30
30 vs 31
30 vs 28
30 vs 30
31 vs 31
31 vs 31
31 vs 31
31 vs 31
31 vs 31
31 vs 31
31 vs 31
31 vs 31
31 vs 31
30 vs 31
30 vs 30
30 vs 30
30 vs 31
30 vs 31
30 vs 30
30 vs 30
30 vs 31
30 vs 31
30 vs 30
30 vs 30
30 vs 30
31 vs 31
31 vs 31
31 vs 31
31 vs 31
31 vs 31
30 vs 31
30 vs 31
30 vs 31
30 vs 31
30 vs 31
30 vs 31
30 vs 30
30 vs 31
30 vs 31
30 vs 30
31 vs 31
31 vs 31
31 vs 31
31 vs 31
31 vs 31
31 vs 31
31 vs 31
31 vs 31
31 vs 31
30 vs 31
30 vs 31
30 vs 30
30 vs 30
30 vs 31
30 vs 30
30 vs 31
30 vs 31
30 vs 31
30 vs 30
30 vs 31
30 vs 30
31 vs 31
31 vs 31
31 vs 31
31 vs 31
31 vs 31
31 vs 31
31 vs 31
31 vs 31
31 vs 31
31 vs 31
31 vs 31
31 vs 31
30 vs 28
30 vs 28
30 vs 30
30 vs 30
30 vs 31
30 vs 31
30 vs 31
30 vs 30
31 vs 31
31 vs 31
31 vs 31
31 vs 31
31 vs 30
31 vs 31
31 vs 30
31 vs 30
30 vs 31
30 vs 31
30 vs 31
30 vs 31
30 vs 31
30 vs 31
30 vs 31
30 vs 31
31 vs 31
31 vs 31
28 vs 31
28 vs 31
28 vs 31
28 vs 31
28 vs 31
28 vs 28
28 vs 31
28 vs 28
31 vs 31
31 vs 31
31 vs 31
31 vs 31
31 vs 31
31 vs 31
31 vs 31
31 vs 31
30 vs 31
30 vs 28
30 vs 31
30 vs 31
30 vs 28
30 vs 31
30 vs 30
30 vs 31
30 vs 28
30 vs 30
31 vs 31
31 vs 31
31 vs 31
31 vs 31
31 vs 31
31 vs 31
31 vs 31
31 vs 31
31 vs 31
30 vs 31
30 vs 30
30 vs 30
30 vs 31
30 vs 31
30 vs 30
30 vs 30
30 vs 31
30 vs 31
30 vs 30
30 vs 30
30 vs 30
31 vs 31
31 vs 31
31 vs 31
31 vs 31
31 vs 31
30 vs 31
30 vs 31
30 vs 31
30 vs 31
30 vs 31
30 vs 31
30 vs 30
30 vs 31
30 vs 31
30 vs 30
31 vs 31
31 vs 31
31 vs 31
31 vs 31
31 vs 31
31 vs 31
31 vs 31
31 vs 31
31 vs 31
30 vs 31
30 vs 31
30 vs 30
30 vs 30
30 vs 31
30 vs 30
30 vs 31
30 vs 31
30 vs 31
30 vs 30
30 vs 31
30 vs 30
31 vs 31
31 vs 31
31 vs 31
31 vs 31
31 vs 31
31 vs 31
31 vs 31
31 vs 31
31 vs 31
31 vs 31
31 vs 31
31 vs 31
30 vs 28
30 vs 28
30 vs 30
30 vs 30
30 vs 31
30 vs 31
30 vs 31
30 vs 30
31 vs 31
31 vs 31
31 vs 31
31 vs 31
31 vs 30
31 vs 31
31 vs 30
31 vs 30
30 vs 31
30 vs 31
30 vs 31
30 vs 31
30 vs 31
30 vs 31
30 vs 31
30 vs 31
31 vs 31
31 vs 31
28 vs 31
28 vs 31
28 vs 31
28 vs 31
28 vs 31
28 vs 28
28 vs 31
28 vs 28
31 vs 31
31 vs 31
31 vs 31
31 vs 31
31 vs 31
31 vs 31
31 vs 31
31 vs 31
30 vs 31
30 vs 28
30 vs 31
30 vs 31
30 vs 28
30 vs 31
30 vs 30
30 vs 31
30 vs 28
30 vs 30
31 vs 31
31 vs 31
31 vs 31
31 vs 31
31 vs 31
31 vs 31
31 vs 31
31 vs 31
31 vs 31
30 vs 31
30 vs 30
30 vs 30
30 vs 31
30 vs 31
30 vs 30
30 vs 30
30 vs 31
30 vs 31
30 vs 30
30 vs 30
30 vs 30
31 vs 31
31 vs 31
31 vs 31
31 vs 31
31 vs 31
30 vs 31
30 vs 31
30 vs 31
30 vs 31
30 vs 31
30 vs 31
30 vs 30
30 vs 31
30 vs 31
30 vs 30
31 vs 31
31 vs 31
31 vs 31
31 vs 31
31 vs 31
31 vs 31
31 vs 31
31 vs 31
31 vs 31
30 vs 31
30 vs 31
30 vs 30
30 vs 30
30 vs 31
30 vs 30
30 vs 31
30 vs 31
30 vs 31
30 vs 30
30 vs 31
30 vs 30
31 vs 31
31 vs 31
31 vs 31
31 vs 31
31 vs 31
31 vs 31
31 vs 31
31 vs 31
31 vs 31
31 vs 31
31 vs 31
31 vs 31
30 vs 28
30 vs 28
30 vs 30
30 vs 30
30 vs 31
30 vs 31
30 vs 31
30 vs 30
31 vs 31
31 vs 31
31 vs 31
31 vs 31
31 vs 30
31 vs 31
31 vs 30
31 vs 30
30 vs 31
30 vs 31
30 vs 31
30 vs 31
30 vs 31
30 vs 31
30 vs 31
30 vs 31
31 vs 31
31 vs 31
28 vs 31
28 vs 31
28 vs 31
28 vs 31
28 vs 31
28 vs 28
28 vs 31
28 vs 28
31 vs 31
31 vs 31
31 vs 31
31 vs 31
31 vs 31
31 vs 31
31 vs 31
31 vs 31
30 vs 31
30 vs 28
30 vs 31
30 vs 31
30 vs 28
30 vs 31
30 vs 30
30 vs 31
30 vs 28
30 vs 30
31 vs 31
31 vs 31
31 vs 31
31 vs 31
31 vs 31
31 vs 31
31 vs 31
31 vs 31
31 vs 31
30 vs 31
30 vs 30
30 vs 30
30 vs 31
30 vs 31
30 vs 30
30 vs 30
30 vs 31
30 vs 31
30 vs 30
30 vs 30
30 vs 30
31 vs 31
31 vs 31
31 vs 31
31 vs 31
31 vs 31
30 vs 31
30 vs 31
30 vs 31
30 vs 31
30 vs 31
30 vs 31
30 vs 30
30 vs 31
30 vs 31
30 vs 30
31 vs 31
31 vs 31
31 vs 31
31 vs 31
31 vs 31
31 vs 31
31 vs 31
31 vs 31
31 vs 31
30 vs 31
30 vs 31
30 vs 30
30 vs 30
30 vs 31
30 vs 30
30 vs 31
30 vs 31
30 vs 31
30 vs 30
30 vs 31
30 vs 30
31 vs 31
31 vs 31
31 vs 31
31 vs 31
31 vs 31
31 vs 31
31 vs 31
31 vs 31
31 vs 31
31 vs 31
31 vs 31
31 vs 31
30 vs 28
30 vs 28
30 vs 30
30 vs 30
30 vs 31
30 vs 31
30 vs 31
30 vs 30
31 vs 31
31 vs 31
31 vs 31
31 vs 31
31 vs 30
31 vs 31
31 vs 30
31 vs 30
30 vs 31
30 vs 31
30 vs 31
30 vs 31
30 vs 31
30 vs 31
30 vs 31
30 vs 31
31 vs 31
31 vs 31
28 vs 31
28 vs 31
28 vs 31
28 vs 31
28 vs 31
28 vs 28
28 vs 31
28 vs 28
31 vs 31
31 vs 31
31 vs 31
31 vs 31
31 vs 31
31 vs 31
31 vs 31
31 vs 31
30 vs 31
30 vs 28
30 vs 31
30 vs 31
30 vs 28
30 vs 31
30 vs 30
30 vs 31
30 vs 28
30 vs 30
31 vs 31
31 vs 31
31 vs 31
31 vs 31
31 vs 31
31 vs 31
31 vs 31
31 vs 31
31 vs 31
30 vs 31
30 vs 30
30 vs 30
30 vs 31
30 vs 31
30 vs 30
30 vs 30
30 vs 31
30 vs 31
30 vs 30
30 vs 30
30 vs 30
31 vs 31
31 vs 31
31 vs 31
31 vs 31
31 vs 31
30 vs 31
30 vs 31
30 vs 31
30 vs 31
30 vs 31
30 vs 31
30 vs 30
30 vs 31
30 vs 31
30 vs 30
31 vs 31
31 vs 31
31 vs 31
31 vs 31
31 vs 31
31 vs 31
31 vs 31
31 vs 31
31 vs 31
30 vs 31
30 vs 31
30 vs 30
30 vs 30
30 vs 31
30 vs 30
30 vs 31
30 vs 31
30 vs 31
30 vs 30
30 vs 31
30 vs 30
31 vs 31
31 vs 31
31 vs 31
31 vs 31
31 vs 31
31 vs 31
31 vs 31
31 vs 31
31 vs 31
31 vs 31
31 vs 31
31 vs 31
30 vs 28
30 vs 28
30 vs 30
30 vs 30
30 vs 31
30 vs 31
30 vs 31
30 vs 30
31 vs 31
31 vs 31
31 vs 31
31 vs 31
31 vs 30
31 vs 31
31 vs 30
31 vs 30
30 vs 31
30 vs 31
30 vs 31
30 vs 31
30 vs 31
30 vs 31
30 vs 31
30 vs 31
31 vs 31
31 vs 31
28 vs 31
28 vs 31
28 vs 31
28 vs 31
28 vs 31
28 vs 28
28 vs 31
28 vs 28
31 vs 31
31 vs 31
31 vs 31
31 vs 31
31 vs 31
31 vs 31
31 vs 31
31 vs 31
30 vs 31
30 vs 28
30 vs 31
30 vs 31
30 vs 28
30 vs 31
30 vs 30
30 vs 31
30 vs 28
30 vs 30
31 vs 31
31 vs 31
31 vs 31
31 vs 31
31 vs 31
31 vs 31
31 vs 31
31 vs 31
31 vs 31
30 vs 31
30 vs 30
30 vs 30
30 vs 31
30 vs 31
30 vs 30
30 vs 30
30 vs 31
30 vs 31
30 vs 30
30 vs 30
30 vs 30
31 vs 31
31 vs 31
31 vs 31
31 vs 31
31 vs 31
30 vs 31
30 vs 31
30 vs 31
30 vs 31
30 vs 31
30 vs 31
30 vs 30
30 vs 31
30 vs 31
30 vs 30
31 vs 31
31 vs 31
31 vs 31
31 vs 31
31 vs 31
31 vs 31
31 vs 31
31 vs 31
31 vs 31
30 vs 31
30 vs 31
30 vs 30
30 vs 30
30 vs 31
30 vs 30
30 vs 31
30 vs 31
30 vs 31
30 vs 30
30 vs 31
30 vs 30
31 vs 31
31 vs 31
31 vs 31
31 vs 31
31 vs 31
31 vs 31
31 vs 31
31 vs 31
31 vs 31
31 vs 31
31 vs 31
31 vs 31
30 vs 28
30 vs 28
30 vs 30
30 vs 30
30 vs 31
30 vs 31
30 vs 31
30 vs 30
31 vs 31
31 vs 31
31 vs 31
31 vs 31
31 vs 30
31 vs 31
31 vs 30
31 vs 30
30 vs 31
30 vs 31
30 vs 31
30 vs 31
30 vs 31
30 vs 31
30 vs 31
30 vs 31
31 vs 31
31 vs 31
28 vs 31
28 vs 31
28 vs 31
28 vs 31
28 vs 31
28 vs 28
28 vs 31
28 vs 28
31 vs 31
31 vs 31
31 vs 31
31 vs 31
31 vs 31
31 vs 31
31 vs 31
31 vs 31
30 vs 31
30 vs 28
30 vs 31
30 vs 31
30 vs 28
30 vs 31
30 vs 30
30 vs 31
30 vs 28
30 vs 30
31 vs 31
31 vs 31
31 vs 31
31 vs 31
31 vs 31
31 vs 31
31 vs 31
31 vs 31
31 vs 31
30 vs 31
30 vs 30
30 vs 30
30 vs 31
30 vs 31
30 vs 30
30 vs 30
30 vs 31
30 vs 31
30 vs 30
30 vs 30
30 vs 30
31 vs 31
31 vs 31
31 vs 31
31 vs 31
31 vs 31
30 vs 31
30 vs 31
30 vs 31
30 vs 31
30 vs 31
30 vs 31
30 vs 30
30 vs 31
30 vs 31
30 vs 30
31 vs 31
31 vs 31
31 vs 31
31 vs 31
31 vs 31
31 vs 31
31 vs 31
31 vs 31
31 vs 31
30 vs 31
30 vs 31
30 vs 30
30 vs 30
30 vs 31
30 vs 30
30 vs 31
30 vs 31
30 vs 31
30 vs 30
30 vs 31
30 vs 30
31 vs 31
31 vs 31
31 vs 31
31 vs 31
31 vs 31
31 vs 31
31 vs 31
31 vs 31
31 vs 31
31 vs 31
31 vs 31
31 vs 31
30 vs 28
30 vs 28
30 vs 30
30 vs 30
30 vs 31
30 vs 31
30 vs 31
30 vs 30
31 vs 31
31 vs 31
31 vs 31
31 vs 31
31 vs 30
31 vs 31
31 vs 30
31 vs 30
30 vs 31
30 vs 31
30 vs 31
30 vs 31
30 vs 31
30 vs 31
30 vs 31
30 vs 31
31 vs 31
31 vs 31
28 vs 31
28 vs 31
28 vs 31
28 vs 31
28 vs 31
28 vs 28
28 vs 31
28 vs 28
31 vs 31
31 vs 31
31 vs 31
31 vs 31
31 vs 31
31 vs 31
31 vs 31
31 vs 31
30 vs 31
30 vs 28
30 vs 31
30 vs 31
30 vs 28
30 vs 31
30 vs 30
30 vs 31
30 vs 28
30 vs 30
31 vs 31
31 vs 31
31 vs 31
31 vs 31
31 vs 31
31 vs 31
31 vs 31
31 vs 31
31 vs 31
30 vs 31
30 vs 30
30 vs 30
30 vs 31
30 vs 31
30 vs 30
30 vs 30
30 vs 31
30 vs 31
30 vs 30
30 vs 30
30 vs 30
31 vs 31
31 vs 31
31 vs 31
31 vs 31
31 vs 31
30 vs 31
30 vs 31
30 vs 31
30 vs 31
30 vs 31
30 vs 31
30 vs 30
30 vs 31
30 vs 31
30 vs 30
31 vs 31
31 vs 31
31 vs 31
31 vs 31
31 vs 31
31 vs 31
31 vs 31
31 vs 31
31 vs 31
30 vs 31
30 vs 31
30 vs 30
30 vs 30
30 vs 31
30 vs 30
30 vs 31
30 vs 31
30 vs 31
30 vs 30
30 vs 31
30 vs 30
31 vs 31
31 vs 31
31 vs 31
31 vs 31
31 vs 31
31 vs 31
31 vs 31
31 vs 31
31 vs 31
31 vs 31
31 vs 31
31 vs 31
30 vs 28
30 vs 28
30 vs 30
30 vs 30
30 vs 31
30 vs 31
30 vs 31
30 vs 30
31 vs 31
31 vs 31
31 vs 31
31 vs 31
31 vs 30
31 vs 31
31 vs 30
31 vs 30
30 vs 31
30 vs 31
30 vs 31
30 vs 31
30 vs 31
30 vs 31
30 vs 31
30 vs 31
31 vs 31
31 vs 31
28 vs 31
28 vs 31
28 vs 31
28 vs 31
28 vs 31
28 vs 28
28 vs 31
28 vs 28
31 vs 31
31 vs 31
31 vs 31
31 vs 31
31 vs 31
31 vs 31
31 vs 31
31 vs 31
30 vs 31
30 vs 28
30 vs 31
30 vs 31
30 vs 28
30 vs 31
30 vs 30
30 vs 31
30 vs 28
30 vs 30
31 vs 31
31 vs 31
31 vs 31
31 vs 31
31 vs 31
31 vs 31
31 vs 31
31 vs 31
31 vs 31
30 vs 31
30 vs 30
30 vs 30
30 vs 31
30 vs 31
30 vs 30
30 vs 30
30 vs 31
30 vs 31
30 vs 30
30 vs 30
30 vs 30
31 vs 31
31 vs 31
31 vs 31
31 vs 31
31 vs 31
30 vs 31
30 vs 31
30 vs 31
30 vs 31
30 vs 31
30 vs 31
30 vs 30
30 vs 31
30 vs 31
30 vs 30
31 vs 31
31 vs 31
31 vs 31
31 vs 31
31 vs 31
31 vs 31
31 vs 31
31 vs 31
31 vs 31
30 vs 31
30 vs 31
30 vs 30
30 vs 30
30 vs 31
30 vs 30
30 vs 31
30 vs 31
30 vs 31
30 vs 30
30 vs 31
30 vs 30
31 vs 31
31 vs 31
31 vs 31
31 vs 31
31 vs 31
31 vs 31
31 vs 31
31 vs 31
31 vs 31
31 vs 31
31 vs 31
31 vs 31
30 vs 28
30 vs 28
30 vs 30
30 vs 30
30 vs 31
30 vs 31
30 vs 31
30 vs 30
31 vs 31
31 vs 31
31 vs 31
31 vs 31
31 vs 30
31 vs 31
31 vs 30
31 vs 30
30 vs 31
30 vs 31
30 vs 31
30 vs 31
30 vs 31
30 vs 31
30 vs 31
30 vs 31
31 vs 31
31 vs 31
28 vs 31
28 vs 31
28 vs 31
28 vs 31
28 vs 31
28 vs 28
28 vs 31
28 vs 28
31 vs 31
31 vs 31
31 vs 31
31 vs 31
31 vs 31
31 vs 31
31 vs 31
31 vs 31
30 vs 31
30 vs 28
30 vs 31
30 vs 31
30 vs 28
30 vs 31
30 vs 30
30 vs 31
30 vs 28
30 vs 30
31 vs 31
31 vs 31
31 vs 31
31 vs 31
31 vs 31
31 vs 31
31 vs 31
31 vs 31
31 vs 31
30 vs 31
30 vs 30
30 vs 30
30 vs 31
30 vs 31
30 vs 30
30 vs 30
30 vs 31
30 vs 31
30 vs 30
30 vs 30
30 vs 30
31 vs 31
31 vs 31
31 vs 31
31 vs 31
31 vs 31
30 vs 31
30 vs 31
30 vs 31
30 vs 31
30 vs 31
30 vs 31
30 vs 30
30 vs 31
30 vs 31
30 vs 30
31 vs 31
31 vs 31
31 vs 31
31 vs 31
31 vs 31
31 vs 31
31 vs 31
31 vs 31
31 vs 31
30 vs 31
30 vs 31
30 vs 30
30 vs 30
30 vs 31
30 vs 30
30 vs 31
30 vs 31
30 vs 31
30 vs 30
30 vs 31
30 vs 30
31 vs 31
31 vs 31
31 vs 31
31 vs 31
31 vs 31
31 vs 31
31 vs 31
31 vs 31
31 vs 31
31 vs 31
31 vs 31
31 vs 31
30 vs 28
30 vs 28
30 vs 30
30 vs 30
30 vs 31
30 vs 31
30 vs 31
30 vs 30
31 vs 31
31 vs 31
31 vs 31
31 vs 31
31 vs 30
31 vs 31
31 vs 30
31 vs 30
30 vs 31
30 vs 31
30 vs 31
30 vs 31
30 vs 31
30 vs 31
30 vs 31
30 vs 31
31 vs 31
31 vs 31
28 vs 31
28 vs 31
28 vs 31
28 vs 31
28 vs 31
28 vs 28
28 vs 31
28 vs 28
31 vs 31
31 vs 31
31 vs 31
31 vs 31
31 vs 31
31 vs 31
31 vs 31
31 vs 31
30 vs 31
30 vs 28
30 vs 31
30 vs 31
30 vs 28
30 vs 31
30 vs 30
30 vs 31
30 vs 28
30 vs 30
31 vs 31
31 vs 31
31 vs 31
31 vs 31
31 vs 31
31 vs 31
31 vs 31
31 vs 31
31 vs 31
30 vs 31
30 vs 30
30 vs 30
30 vs 31
30 vs 31
30 vs 30
30 vs 30
30 vs 31
30 vs 31
30 vs 30
30 vs 30
30 vs 30
31 vs 31
31 vs 31
31 vs 31
31 vs 31
31 vs 31
30 vs 31
30 vs 31
30 vs 31
30 vs 31
30 vs 31
30 vs 31
30 vs 30
30 vs 31
30 vs 31
30 vs 30
31 vs 31
31 vs 31
31 vs 31
31 vs 31
31 vs 31
31 vs 31
31 vs 31
31 vs 31
31 vs 31
30 vs 31
30 vs 31
30 vs 30
30 vs 30
30 vs 31
30 vs 30
30 vs 31
30 vs 31
30 vs 31
30 vs 30
30 vs 31
30 vs 30
31 vs 31
31 vs 31
31 vs 31
31 vs 31
31 vs 31
31 vs 31
31 vs 31
31 vs 31
31 vs 31
31 vs 31
31 vs 31
31 vs 31
30 vs 28
30 vs 28
30 vs 30
30 vs 30
30 vs 31
30 vs 31
30 vs 31
30 vs 30
31 vs 31
31 vs 31
31 vs 31
31 vs 31
31 vs 30
31 vs 31
31 vs 30
31 vs 30
30 vs 31
30 vs 31
30 vs 31
30 vs 31
30 vs 31
30 vs 31
30 vs 31
30 vs 31
31 vs 31
31 vs 31
28 vs 31
28 vs 31
28 vs 31
28 vs 31
28 vs 31
28 vs 28
28 vs 31
28 vs 28
31 vs 31
31 vs 31
31 vs 31
31 vs 31
31 vs 31
31 vs 31
31 vs 31
31 vs 31
30 vs 31
30 vs 28
30 vs 31
30 vs 31
30 vs 28
30 vs 31
30 vs 30
30 vs 31
30 vs 28
30 vs 30
31 vs 31
31 vs 31
31 vs 31
31 vs 31
31 vs 31
31 vs 31
31 vs 31
31 vs 31
31 vs 31
30 vs 31
30 vs 30
30 vs 30
30 vs 31
30 vs 31
30 vs 30
30 vs 30
30 vs 31
30 vs 31
30 vs 30
30 vs 30
30 vs 30
31 vs 31
31 vs 31
31 vs 31
31 vs 31
31 vs 31
30 vs 31
30 vs 31
30 vs 31
30 vs 31
30 vs 31
30 vs 31
30 vs 30
30 vs 31
30 vs 31
30 vs 30
31 vs 31
31 vs 31
31 vs 31
31 vs 31
31 vs 31
31 vs 31
31 vs 31
31 vs 31
31 vs 31
30 vs 31
30 vs 31
30 vs 30
30 vs 30
30 vs 31
30 vs 30
30 vs 31
30 vs 31
30 vs 31
30 vs 30
30 vs 31
30 vs 30
31 vs 31
31 vs 31
31 vs 31
31 vs 31
31 vs 31
31 vs 31
31 vs 31
31 vs 31
31 vs 31
31 vs 31
31 vs 31
31 vs 31
30 vs 28
30 vs 28
30 vs 30
30 vs 30
30 vs 31
30 vs 31
30 vs 31
30 vs 30
31 vs 31
31 vs 31
31 vs 31
31 vs 31
31 vs 30
31 vs 31
31 vs 30
31 vs 30
30 vs 31
30 vs 31
30 vs 31
30 vs 31
30 vs 31
30 vs 31
30 vs 31
30 vs 31
31 vs 31
31 vs 31
28 vs 31
28 vs 31
28 vs 31
28 vs 31
28 vs 31
28 vs 28
28 vs 31
28 vs 28
31 vs 31
31 vs 31
31 vs 31
31 vs 31
31 vs 31
31 vs 31
31 vs 31
31 vs 31
30 vs 31
30 vs 28
30 vs 31
30 vs 31
30 vs 28
30 vs 31
30 vs 30
30 vs 31
30 vs 28
30 vs 30
31 vs 31
31 vs 31
31 vs 31
31 vs 31
31 vs 31
31 vs 31
31 vs 31
31 vs 31
31 vs 31
30 vs 31
30 vs 30
30 vs 30
30 vs 31
30 vs 31
30 vs 30
30 vs 30
30 vs 31
30 vs 31
30 vs 30
30 vs 30
30 vs 30
31 vs 31
31 vs 31
31 vs 31
31 vs 31
31 vs 31
30 vs 31
30 vs 31
30 vs 31
30 vs 31
30 vs 31
30 vs 31
30 vs 30
30 vs 31
30 vs 31
30 vs 30
31 vs 31
31 vs 31
31 vs 31
31 vs 31
31 vs 31
31 vs 31
31 vs 31
31 vs 31
31 vs 31
30 vs 31
30 vs 31
30 vs 30
30 vs 30
30 vs 31
30 vs 30
30 vs 31
30 vs 31
30 vs 31
30 vs 30
30 vs 31
30 vs 30
31 vs 31
31 vs 31
31 vs 31
31 vs 31
31 vs 31
31 vs 31
31 vs 31
31 vs 31
31 vs 31
31 vs 31
31 vs 31
31 vs 31
30 vs 28
30 vs 28
30 vs 30
30 vs 30
30 vs 31
30 vs 31
30 vs 31
30 vs 30
31 vs 31
31 vs 31
31 vs 31
31 vs 31
31 vs 30
31 vs 31
31 vs 30
31 vs 30
30 vs 31
30 vs 31
30 vs 31
30 vs 31
30 vs 31
30 vs 31
30 vs 31
30 vs 31
31 vs 31
31 vs 31
28 vs 31
28 vs 31
28 vs 31
28 vs 31
28 vs 31
28 vs 28
28 vs 31
28 vs 28
31 vs 31
31 vs 31
31 vs 31
31 vs 31
31 vs 31
31 vs 31
31 vs 31
31 vs 31
30 vs 31
30 vs 28
30 vs 31
30 vs 31
30 vs 28
30 vs 31
30 vs 30
30 vs 31
30 vs 28
30 vs 30
31 vs 31
31 vs 31
31 vs 31
31 vs 31
31 vs 31
31 vs 31
31 vs 31
31 vs 31
31 vs 31
30 vs 31
30 vs 30
30 vs 30
30 vs 31
30 vs 31
30 vs 30
30 vs 30
30 vs 31
30 vs 31
30 vs 30
30 vs 30
30 vs 30
31 vs 31
31 vs 31
31 vs 31
31 vs 31
31 vs 31
30 vs 31
30 vs 31
30 vs 31
30 vs 31
30 vs 31
30 vs 31
30 vs 30
30 vs 31
30 vs 31
30 vs 30
31 vs 31
31 vs 31
31 vs 31
31 vs 31
31 vs 31
31 vs 31
31 vs 31
31 vs 31
31 vs 31
30 vs 31
30 vs 31
30 vs 30
30 vs 30
30 vs 31
30 vs 30
30 vs 31
30 vs 31
30 vs 31
30 vs 30
30 vs 31
30 vs 30
31 vs 31
31 vs 31
31 vs 31
31 vs 31
31 vs 31
31 vs 31
31 vs 31
31 vs 31
31 vs 31
31 vs 31
31 vs 31
31 vs 31
30 vs 28
30 vs 28
30 vs 30
30 vs 30
30 vs 31
30 vs 31
30 vs 31
30 vs 30
31 vs 31
31 vs 31
31 vs 31
31 vs 31
31 vs 30
31 vs 31
31 vs 30
31 vs 30
30 vs 31
30 vs 31
30 vs 31
30 vs 31
30 vs 31
30 vs 31
30 vs 31
30 vs 31
31 vs 31
31 vs 31
28 vs 31
28 vs 31
28 vs 31
28 vs 31
28 vs 31
28 vs 28
28 vs 31
28 vs 28
31 vs 31
31 vs 31
31 vs 31
31 vs 31
31 vs 31
31 vs 31
31 vs 31
31 vs 31
30 vs 31
30 vs 28
30 vs 31
30 vs 31
30 vs 28
30 vs 31
30 vs 30
30 vs 31
30 vs 28
30 vs 30
31 vs 31
31 vs 31
31 vs 31
31 vs 31
31 vs 31
31 vs 31
31 vs 31
31 vs 31
31 vs 31
30 vs 31
30 vs 30
30 vs 30
30 vs 31
30 vs 31
30 vs 30
30 vs 30
30 vs 31
30 vs 31
30 vs 30
30 vs 30
30 vs 30
31 vs 31
31 vs 31
31 vs 31
31 vs 31
31 vs 31
30 vs 31
30 vs 31
30 vs 31
30 vs 31
30 vs 31
30 vs 31
30 vs 30
30 vs 31
30 vs 31
30 vs 30
31 vs 31
31 vs 31
31 vs 31
31 vs 31
31 vs 31
31 vs 31
31 vs 31
31 vs 31
31 vs 31
30 vs 31
30 vs 31
30 vs 30
30 vs 30
30 vs 31
30 vs 30
30 vs 31
30 vs 31
30 vs 31
30 vs 30
30 vs 31
30 vs 30
31 vs 31
31 vs 31
31 vs 31
31 vs 31
31 vs 31
31 vs 31
31 vs 31
31 vs 31
31 vs 31
31 vs 31
31 vs 31
31 vs 31
30 vs 28
30 vs 28
30 vs 30
30 vs 30
30 vs 31
30 vs 31
30 vs 31
30 vs 30
31 vs 31
31 vs 31
31 vs 31
31 vs 31
31 vs 30
31 vs 31
31 vs 30
31 vs 30
30 vs 31
30 vs 31
30 vs 31
30 vs 31
30 vs 31
30 vs 31
30 vs 31
30 vs 31
31 vs 31
31 vs 31
28 vs 31
28 vs 31
28 vs 31
28 vs 31
28 vs 31
28 vs 28
28 vs 31
28 vs 28
31 vs 31
31 vs 31
31 vs 31
31 vs 31
31 vs 31
31 vs 31
31 vs 31
31 vs 31
30 vs 31
30 vs 28
30 vs 31
30 vs 31
30 vs 28
30 vs 31
30 vs 30
30 vs 31
30 vs 28
30 vs 30
31 vs 31
31 vs 31
31 vs 31
31 vs 31
31 vs 31
31 vs 31
31 vs 31
31 vs 31
31 vs 31
30 vs 31
30 vs 30
30 vs 30
30 vs 31
30 vs 31
30 vs 30
30 vs 30
30 vs 31
30 vs 31
30 vs 30
30 vs 30
30 vs 30
31 vs 31
31 vs 31
31 vs 31
31 vs 31
31 vs 31
30 vs 31
30 vs 31
30 vs 31
30 vs 31
30 vs 31
30 vs 31
30 vs 30
30 vs 31
30 vs 31
30 vs 30
31 vs 31
31 vs 31
31 vs 31
31 vs 31
31 vs 31
31 vs 31
31 vs 31
31 vs 31
31 vs 31
30 vs 31
30 vs 31
30 vs 30
30 vs 30
30 vs 31
30 vs 30
30 vs 31
30 vs 31
30 vs 31
30 vs 30
30 vs 31
30 vs 30
31 vs 31
31 vs 31
31 vs 31
31 vs 31
31 vs 31
31 vs 31
31 vs 31
31 vs 31
31 vs 31
31 vs 31
31 vs 31
31 vs 31
30 vs 28
30 vs 28
30 vs 30
30 vs 30
30 vs 31
30 vs 31
30 vs 31
30 vs 30
31 vs 31
31 vs 31
31 vs 31
31 vs 31
31 vs 30
31 vs 31
31 vs 30
31 vs 30
30 vs 31
30 vs 31
30 vs 31
30 vs 31
30 vs 31
30 vs 31
30 vs 31
30 vs 31
31 vs 31
31 vs 31
28 vs 31
28 vs 31
28 vs 31
28 vs 31
28 vs 31
28 vs 28
28 vs 31
28 vs 28
31 vs 31
31 vs 31
31 vs 31
31 vs 31
31 vs 31
31 vs 31
31 vs 31
31 vs 31
30 vs 31
30 vs 28
30 vs 31
30 vs 31
30 vs 28
30 vs 31
30 vs 30
30 vs 31
30 vs 28
30 vs 30
31 vs 31
31 vs 31
31 vs 31
31 vs 31
31 vs 31
31 vs 31
31 vs 31
31 vs 31
31 vs 31
30 vs 31
30 vs 30
30 vs 30
30 vs 31
30 vs 31
30 vs 30
30 vs 30
30 vs 31
30 vs 31
30 vs 30
30 vs 30
30 vs 30
31 vs 31
31 vs 31
31 vs 31
31 vs 31
31 vs 31
30 vs 31
30 vs 31
30 vs 31
30 vs 31
30 vs 31
30 vs 31
30 vs 30
30 vs 31
30 vs 31
30 vs 30
31 vs 31
31 vs 31
31 vs 31
31 vs 31
31 vs 31
31 vs 31
31 vs 31
31 vs 31
31 vs 31
30 vs 31
30 vs 31
30 vs 30
30 vs 30
30 vs 31
30 vs 30
30 vs 31
30 vs 31
30 vs 31
30 vs 30
30 vs 31
30 vs 30
31 vs 31
31 vs 31
31 vs 31
31 vs 31
31 vs 31
31 vs 31
31 vs 31
31 vs 31
31 vs 31
31 vs 31
31 vs 31
31 vs 31
30 vs 28
30 vs 28
30 vs 30
30 vs 30
30 vs 31
30 vs 31
30 vs 31
30 vs 30
31 vs 31
31 vs 31
31 vs 31
31 vs 31
31 vs 30
31 vs 31
31 vs 30
31 vs 30
30 vs 31
30 vs 31
30 vs 31
30 vs 31
30 vs 31
30 vs 31
30 vs 31
30 vs 31
31 vs 31
31 vs 31
28 vs 31
28 vs 31
28 vs 31
28 vs 31
28 vs 31
28 vs 28
28 vs 31
28 vs 28
31 vs 31
31 vs 31
31 vs 31
31 vs 31
31 vs 31
31 vs 31
31 vs 31
31 vs 31
30 vs 31
30 vs 28
30 vs 31
30 vs 31
30 vs 28
30 vs 31
30 vs 30
30 vs 31
30 vs 28
30 vs 30
31 vs 31
31 vs 31
31 vs 31
31 vs 31
31 vs 31
31 vs 31
31 vs 31
31 vs 31
31 vs 31
30 vs 31
30 vs 30
30 vs 30
30 vs 31
30 vs 31
30 vs 30
30 vs 30
30 vs 31
30 vs 31
30 vs 30
30 vs 30
30 vs 30
31 vs 31
31 vs 31
31 vs 31
31 vs 31
31 vs 31
30 vs 31
30 vs 31
30 vs 31
30 vs 31
30 vs 31
30 vs 31
30 vs 30
30 vs 31
30 vs 31
30 vs 30
31 vs 31
31 vs 31
31 vs 31
31 vs 31
31 vs 31
31 vs 31
31 vs 31
31 vs 31
31 vs 31
30 vs 31
30 vs 31
30 vs 30
30 vs 30
30 vs 31
30 vs 30
30 vs 31
30 vs 31
30 vs 31
30 vs 30
30 vs 31
30 vs 30
31 vs 31
31 vs 31
31 vs 31
31 vs 31
31 vs 31
31 vs 31
31 vs 31
31 vs 31
31 vs 31
31 vs 31
31 vs 31
31 vs 31
30 vs 28
30 vs 28
30 vs 30
30 vs 30
30 vs 31
30 vs 31
30 vs 31
30 vs 30
31 vs 31
31 vs 31
31 vs 31
31 vs 31
31 vs 30
31 vs 31
31 vs 30
31 vs 30
30 vs 31
30 vs 31
30 vs 31
30 vs 31
30 vs 31
30 vs 31
30 vs 31
30 vs 31
31 vs 31
31 vs 31
28 vs 31
28 vs 31
28 vs 31
28 vs 31
28 vs 31
28 vs 28
28 vs 31
28 vs 28
31 vs 31
31 vs 31
31 vs 31
31 vs 31
31 vs 31
31 vs 31
31 vs 31
31 vs 31
30 vs 31
30 vs 28
30 vs 31
30 vs 31
30 vs 28
30 vs 31
30 vs 30
30 vs 31
30 vs 28
30 vs 30
31 vs 31
31 vs 31
31 vs 31
31 vs 31
31 vs 31
31 vs 31
31 vs 31
31 vs 31
31 vs 31
30 vs 31
30 vs 30
30 vs 30
30 vs 31
30 vs 31
30 vs 30
30 vs 30
30 vs 31
30 vs 31
30 vs 30
30 vs 30
30 vs 30
31 vs 31
31 vs 31
31 vs 31
31 vs 31
31 vs 31
30 vs 31
30 vs 31
30 vs 31
30 vs 31
30 vs 31
30 vs 31
30 vs 30
30 vs 31
30 vs 31
30 vs 30
31 vs 31
31 vs 31
31 vs 31
31 vs 31
31 vs 31
31 vs 31
31 vs 31
31 vs 31
31 vs 31
30 vs 31
30 vs 31
30 vs 30
30 vs 30
30 vs 31
30 vs 30
30 vs 31
30 vs 31
30 vs 31
30 vs 30
30 vs 31
30 vs 30
31 vs 31
31 vs 31
31 vs 31
31 vs 31
31 vs 31
31 vs 31
31 vs 31
31 vs 31
31 vs 31
31 vs 31
31 vs 31
31 vs 31
30 vs 28
30 vs 28
30 vs 30
30 vs 30
30 vs 31
30 vs 31
30 vs 31
30 vs 30
31 vs 31
31 vs 31
31 vs 31
31 vs 31
31 vs 30
31 vs 31
31 vs 30
31 vs 30
30 vs 31
30 vs 31
30 vs 31
30 vs 31
30 vs 31
30 vs 31
30 vs 31
30 vs 31
31 vs 31
31 vs 31
28 vs 31
28 vs 31
28 vs 31
28 vs 31
28 vs 31
28 vs 28
28 vs 31
28 vs 28
31 vs 31
31 vs 31
31 vs 31
31 vs 31
31 vs 31
31 vs 31
31 vs 31
31 vs 31
30 vs 31
30 vs 28
30 vs 31
30 vs 31
30 vs 28
30 vs 31
30 vs 30
30 vs 31
30 vs 28
30 vs 30
31 vs 31
31 vs 31
31 vs 31
31 vs 31
31 vs 31
31 vs 31
31 vs 31
31 vs 31
31 vs 31
30 vs 31
30 vs 30
30 vs 30
30 vs 31
30 vs 31
30 vs 30
30 vs 30
30 vs 31
30 vs 31
30 vs 30
30 vs 30
30 vs 30
31 vs 31
31 vs 31
31 vs 31
31 vs 31
31 vs 31
30 vs 31
30 vs 31
30 vs 31
30 vs 31
30 vs 31
30 vs 31
30 vs 30
30 vs 31
30 vs 31
30 vs 30
31 vs 31
31 vs 31
31 vs 31
31 vs 31
31 vs 31
31 vs 31
31 vs 31
31 vs 31
31 vs 31
30 vs 31
30 vs 31
30 vs 30
30 vs 30
30 vs 31
30 vs 30
30 vs 31
30 vs 31
30 vs 31
30 vs 30
30 vs 31
30 vs 30
31 vs 31
31 vs 31
31 vs 31
31 vs 31
31 vs 31
31 vs 31
31 vs 31
31 vs 31
31 vs 31
31 vs 31
31 vs 31
31 vs 31
30 vs 28
30 vs 28
30 vs 30
30 vs 30
30 vs 31
30 vs 31
30 vs 31
30 vs 30
31 vs 31
31 vs 31
31 vs 31
31 vs 31
31 vs 30
31 vs 31
31 vs 30
31 vs 30
30 vs 31
30 vs 31
30 vs 31
30 vs 31
30 vs 31
30 vs 31
30 vs 31
30 vs 31
31 vs 31
31 vs 31
28 vs 31
28 vs 31
28 vs 31
28 vs 31
28 vs 31
28 vs 28
28 vs 31
28 vs 28
31 vs 31
31 vs 31
31 vs 31
31 vs 31
31 vs 31
31 vs 31
31 vs 31
31 vs 31
30 vs 31
30 vs 28
30 vs 31
30 vs 31
30 vs 28
30 vs 31
30 vs 30
30 vs 31
30 vs 28
30 vs 30
31 vs 31
31 vs 31
31 vs 31
31 vs 31
31 vs 31
31 vs 31
31 vs 31
31 vs 31
31 vs 31
30 vs 31
30 vs 30
30 vs 30
30 vs 31
30 vs 31
30 vs 30
30 vs 30
30 vs 31
30 vs 31
30 vs 30
30 vs 30
30 vs 30
31 vs 31
31 vs 31
31 vs 31
31 vs 31
31 vs 31
30 vs 31
30 vs 31
30 vs 31
30 vs 31
30 vs 31
30 vs 31
30 vs 30
30 vs 31
30 vs 31
30 vs 30
31 vs 31
31 vs 31
31 vs 31
31 vs 31
31 vs 31
31 vs 31
31 vs 31
31 vs 31
31 vs 31
30 vs 31
30 vs 31
30 vs 30
30 vs 30
30 vs 31
30 vs 30
30 vs 31
30 vs 31
30 vs 31
30 vs 30
30 vs 31
30 vs 30
31 vs 31
31 vs 31
31 vs 31
31 vs 31
31 vs 31
31 vs 31
31 vs 31
31 vs 31
31 vs 31
31 vs 31
31 vs 31
31 vs 31
30 vs 28
30 vs 28
30 vs 30
30 vs 30
30 vs 31
30 vs 31
30 vs 31
30 vs 30
31 vs 31
31 vs 31
31 vs 31
31 vs 31
31 vs 30
31 vs 31
31 vs 30
31 vs 30
30 vs 31
30 vs 31
30 vs 31
30 vs 31
30 vs 31
30 vs 31
30 vs 31
30 vs 31
31 vs 31
31 vs 31
28 vs 31
28 vs 31
28 vs 31
28 vs 31
28 vs 31
28 vs 28
28 vs 31
28 vs 28
31 vs 31
31 vs 31
31 vs 31
31 vs 31
31 vs 31
31 vs 31
31 vs 31
31 vs 31
30 vs 31
30 vs 28
30 vs 31
30 vs 31
30 vs 28
30 vs 31
30 vs 30
30 vs 31
30 vs 28
30 vs 30
31 vs 31
31 vs 31
31 vs 31
31 vs 31
31 vs 31
31 vs 31
31 vs 31
31 vs 31
31 vs 31
30 vs 31
30 vs 30
30 vs 30
30 vs 31
30 vs 31
30 vs 30
30 vs 30
30 vs 31
30 vs 31
30 vs 30
30 vs 30
30 vs 30
31 vs 31
31 vs 31
31 vs 31
31 vs 31
31 vs 31
30 vs 31
30 vs 31
30 vs 31
30 vs 31
30 vs 31
30 vs 31
30 vs 30
30 vs 31
30 vs 31
30 vs 30
31 vs 31
31 vs 31
31 vs 31
31 vs 31
31 vs 31
31 vs 31
31 vs 31
31 vs 31
31 vs 31
30 vs 31
30 vs 31
30 vs 30
30 vs 30
30 vs 31
30 vs 30
30 vs 31
30 vs 31
30 vs 31
30 vs 30
30 vs 31
30 vs 30
31 vs 31
31 vs 31
31 vs 31
31 vs 31
31 vs 31
31 vs 31
31 vs 31
31 vs 31
31 vs 31
31 vs 31
31 vs 31
31 vs 31
30 vs 28
30 vs 28
30 vs 30
30 vs 30
30 vs 31
30 vs 31
30 vs 31
30 vs 30
31 vs 31
31 vs 31
31 vs 31
31 vs 31
31 vs 30
31 vs 31
31 vs 30
31 vs 30
30 vs 31
30 vs 31
30 vs 31
30 vs 31
30 vs 31
30 vs 31
30 vs 31
30 vs 31
31 vs 31
31 vs 31
28 vs 31
28 vs 31
28 vs 31
28 vs 31
28 vs 31
28 vs 28
28 vs 31
28 vs 28
31 vs 31
31 vs 31
31 vs 31
31 vs 31
31 vs 31
31 vs 31
31 vs 31
31 vs 31
30 vs 31
30 vs 28
30 vs 31
30 vs 31
30 vs 28
30 vs 31
30 vs 30
30 vs 31
30 vs 28
30 vs 30
31 vs 31
31 vs 31
31 vs 31
31 vs 31
31 vs 31
31 vs 31
31 vs 31
31 vs 31
31 vs 31
30 vs 31
30 vs 30
30 vs 30
30 vs 31
30 vs 31
30 vs 30
30 vs 30
30 vs 31
30 vs 31
30 vs 30
30 vs 30
30 vs 30
31 vs 31
31 vs 31
31 vs 31
31 vs 31
31 vs 31
30 vs 31
30 vs 31
30 vs 31
30 vs 31
30 vs 31
30 vs 31
30 vs 30
30 vs 31
30 vs 31
30 vs 30
31 vs 31
31 vs 31
31 vs 31
31 vs 31
31 vs 31
31 vs 31
31 vs 31
31 vs 31
31 vs 31
30 vs 31
30 vs 31
30 vs 30
30 vs 30
30 vs 31
30 vs 30
30 vs 31
30 vs 31
30 vs 31
30 vs 30
30 vs 31
30 vs 30
31 vs 31
31 vs 31
31 vs 31
31 vs 31
31 vs 31
31 vs 31
31 vs 31
31 vs 31
31 vs 31
31 vs 31
31 vs 31
31 vs 31
30 vs 28
30 vs 28
30 vs 30
30 vs 30
30 vs 31
30 vs 31
30 vs 31
30 vs 30
31 vs 31
31 vs 31
31 vs 31
31 vs 31
31 vs 30
31 vs 31
31 vs 30
31 vs 30
30 vs 31
30 vs 31
30 vs 31
30 vs 31
30 vs 31
30 vs 31
30 vs 31
30 vs 31
31 vs 31
31 vs 31
28 vs 31
28 vs 31
28 vs 31
28 vs 31
28 vs 31
28 vs 28
28 vs 31
28 vs 28
31 vs 31
31 vs 31
31 vs 31
31 vs 31
31 vs 31
31 vs 31
31 vs 31
31 vs 31
30 vs 31
30 vs 28
30 vs 31
30 vs 31
30 vs 28
30 vs 31
30 vs 30
30 vs 31
30 vs 28
30 vs 30
31 vs 31
31 vs 31
31 vs 31
31 vs 31
31 vs 31
31 vs 31
31 vs 31
31 vs 31
31 vs 31
30 vs 31
30 vs 30
30 vs 30
30 vs 31
30 vs 31
30 vs 30
30 vs 30
30 vs 31
30 vs 31
30 vs 30
30 vs 30
30 vs 30
31 vs 31
31 vs 31
31 vs 31
31 vs 31
31 vs 31
30 vs 31
30 vs 31
30 vs 31
30 vs 31
30 vs 31
30 vs 31
30 vs 30
30 vs 31
30 vs 31
30 vs 30
31 vs 31
31 vs 31
31 vs 31
31 vs 31
31 vs 31
31 vs 31
31 vs 31
31 vs 31
31 vs 31
30 vs 31
30 vs 31
30 vs 30
30 vs 30
30 vs 31
30 vs 30
30 vs 31
30 vs 31
30 vs 31
30 vs 30
30 vs 31
30 vs 30
31 vs 31
31 vs 31
31 vs 31
31 vs 31
31 vs 31
31 vs 31
31 vs 31
31 vs 31
31 vs 31
31 vs 31
31 vs 31
31 vs 31
30 vs 28
30 vs 28
30 vs 30
30 vs 30
30 vs 31
30 vs 31
30 vs 31
30 vs 30
31 vs 31
31 vs 31
31 vs 31
31 vs 31
31 vs 30
31 vs 31
31 vs 30
31 vs 30
30 vs 31
30 vs 31
30 vs 31
30 vs 31
30 vs 31
30 vs 31
30 vs 31
30 vs 31
31 vs 31
31 vs 31
28 vs 31
28 vs 31
28 vs 31
28 vs 31
28 vs 31
28 vs 28
28 vs 31
28 vs 28
31 vs 31
31 vs 31
31 vs 31
31 vs 31
31 vs 31
31 vs 31
31 vs 31
31 vs 31
30 vs 31
30 vs 28
30 vs 31
30 vs 31
30 vs 28
30 vs 31
30 vs 30
30 vs 31
30 vs 28
30 vs 30
31 vs 31
31 vs 31
31 vs 31
31 vs 31
31 vs 31
31 vs 31
31 vs 31
31 vs 31
31 vs 31
30 vs 31
30 vs 30
30 vs 30
30 vs 31
30 vs 31
30 vs 30
30 vs 30
30 vs 31
30 vs 31
30 vs 30
30 vs 30
30 vs 30
31 vs 31
31 vs 31
31 vs 31
31 vs 31
31 vs 31
30 vs 31
30 vs 31
30 vs 31
30 vs 31
30 vs 31
30 vs 31
30 vs 30
30 vs 31
30 vs 31
30 vs 30
31 vs 31
31 vs 31
31 vs 31
31 vs 31
31 vs 31
31 vs 31
31 vs 31
31 vs 31
31 vs 31
30 vs 31
30 vs 31
30 vs 30
30 vs 30
30 vs 31
30 vs 30
30 vs 31
30 vs 31
30 vs 31
30 vs 30
30 vs 31
30 vs 30
31 vs 31
31 vs 31
31 vs 31
31 vs 31
31 vs 31
31 vs 31
31 vs 31
31 vs 31
31 vs 31
31 vs 31
31 vs 31
31 vs 31
30 vs 28
30 vs 28
30 vs 30
30 vs 30
30 vs 31
30 vs 31
30 vs 31
30 vs 30
31 vs 31
31 vs 31
31 vs 31
31 vs 31
31 vs 30
31 vs 31
31 vs 30
31 vs 30
30 vs 31
30 vs 31
30 vs 31
30 vs 31
30 vs 31
30 vs 31
30 vs 31
30 vs 31
31 vs 31
31 vs 31
28 vs 31
28 vs 31
28 vs 31
28 vs 31
28 vs 31
28 vs 28
28 vs 31
28 vs 28
31 vs 31
31 vs 31
31 vs 31
31 vs 31
31 vs 31
31 vs 31
31 vs 31
31 vs 31
30 vs 31
30 vs 28
30 vs 31
30 vs 31
30 vs 28
30 vs 31
30 vs 30
30 vs 31
30 vs 28
30 vs 30
31 vs 31
31 vs 31
31 vs 31
31 vs 31
31 vs 31
31 vs 31
31 vs 31
31 vs 31
31 vs 31
30 vs 31
30 vs 30
30 vs 30
30 vs 31
30 vs 31
30 vs 30
30 vs 30
30 vs 31
30 vs 31
30 vs 30
30 vs 30
30 vs 30
31 vs 31
31 vs 31
31 vs 31
31 vs 31
31 vs 31
30 vs 31
30 vs 31
30 vs 31
30 vs 31
30 vs 31
30 vs 31
30 vs 30
30 vs 31
30 vs 31
30 vs 30
31 vs 31
31 vs 31
31 vs 31
31 vs 31
31 vs 31
31 vs 31
31 vs 31
31 vs 31
31 vs 31
30 vs 31
30 vs 31
30 vs 30
30 vs 30
30 vs 31
30 vs 30
30 vs 31
30 vs 31
30 vs 31
30 vs 30
30 vs 31
30 vs 30
31 vs 31
31 vs 31
31 vs 31
31 vs 31
31 vs 31
31 vs 31
31 vs 31
31 vs 31
31 vs 31
31 vs 31
31 vs 31
31 vs 31
30 vs 28
30 vs 28
30 vs 30
30 vs 30
30 vs 31
30 vs 31
30 vs 31
30 vs 30
31 vs 31
31 vs 31
31 vs 31
31 vs 31
31 vs 30
31 vs 31
31 vs 30
31 vs 30
30 vs 31
30 vs 31
30 vs 31
30 vs 31
30 vs 31
30 vs 31
30 vs 31
30 vs 31
31 vs 31
31 vs 31
28 vs 31
28 vs 31
28 vs 31
28 vs 31
28 vs 31
28 vs 28
28 vs 31
28 vs 28
31 vs 31
31 vs 31
31 vs 31
31 vs 31
31 vs 31
31 vs 31
31 vs 31
31 vs 31
30 vs 31
30 vs 28
30 vs 31
30 vs 31
30 vs 28
30 vs 31
30 vs 30
30 vs 31
30 vs 28
30 vs 30
31 vs 31
31 vs 31
31 vs 31
31 vs 31
31 vs 31
31 vs 31
31 vs 31
31 vs 31
31 vs 31
30 vs 31
30 vs 30
30 vs 30
30 vs 31
30 vs 31
30 vs 30
30 vs 30
30 vs 31
30 vs 31
30 vs 30
30 vs 30
30 vs 30
31 vs 31
31 vs 31
31 vs 31
31 vs 31
31 vs 31
30 vs 31
30 vs 31
30 vs 31
30 vs 31
30 vs 31
30 vs 31
30 vs 30
30 vs 31
30 vs 31
30 vs 30
31 vs 31
31 vs 31
31 vs 31
31 vs 31
31 vs 31
31 vs 31
31 vs 31
31 vs 31
31 vs 31
30 vs 31
30 vs 31
30 vs 30
30 vs 30
30 vs 31
30 vs 30
30 vs 31
30 vs 31
30 vs 31
30 vs 30
30 vs 31
30 vs 30
31 vs 31
31 vs 31
31 vs 31
31 vs 31
31 vs 31
31 vs 31
31 vs 31
31 vs 31
31 vs 31
31 vs 31
31 vs 31
31 vs 31
30 vs 28
30 vs 28
30 vs 30
30 vs 30
30 vs 31
30 vs 31
30 vs 31
30 vs 30
31 vs 31
31 vs 31
31 vs 31
31 vs 31
31 vs 30
31 vs 31
31 vs 30
31 vs 30
30 vs 31
30 vs 31
30 vs 31
30 vs 31
30 vs 31
30 vs 31
30 vs 31
30 vs 31
31 vs 31
31 vs 31
28 vs 31
28 vs 31
28 vs 31
28 vs 31
28 vs 31
28 vs 28
28 vs 31
28 vs 28
31 vs 31
31 vs 31
31 vs 31
31 vs 31
31 vs 31
31 vs 31
31 vs 31
31 vs 31
30 vs 31
30 vs 28
30 vs 31
30 vs 31
30 vs 28
30 vs 31
30 vs 30
30 vs 31
30 vs 28
30 vs 30
31 vs 31
31 vs 31
31 vs 31
31 vs 31
31 vs 31
31 vs 31
31 vs 31
31 vs 31
31 vs 31
30 vs 31
30 vs 30
30 vs 30
30 vs 31
30 vs 31
30 vs 30
30 vs 30
30 vs 31
30 vs 31
30 vs 30
30 vs 30
30 vs 30
31 vs 31
31 vs 31
31 vs 31
31 vs 31
31 vs 31
30 vs 31
30 vs 31
30 vs 31
30 vs 31
30 vs 31
30 vs 31
30 vs 30
30 vs 31
30 vs 31
30 vs 30
31 vs 31
31 vs 31
31 vs 31
31 vs 31
31 vs 31
31 vs 31
31 vs 31
31 vs 31
31 vs 31
30 vs 31
30 vs 31
30 vs 30
30 vs 30
30 vs 31
30 vs 30
30 vs 31
30 vs 31
30 vs 31
30 vs 30
30 vs 31
30 vs 30
31 vs 31
31 vs 31
31 vs 31
31 vs 31
31 vs 31
31 vs 31
31 vs 31
31 vs 31
31 vs 31
31 vs 31
31 vs 31
31 vs 31
30 vs 28
30 vs 28
30 vs 30
30 vs 30
30 vs 31
30 vs 31
30 vs 31
30 vs 30
31 vs 31
31 vs 31
31 vs 31
31 vs 31
31 vs 30
31 vs 31
31 vs 30
31 vs 30
30 vs 31
30 vs 31
30 vs 31
30 vs 31
30 vs 31
30 vs 31
30 vs 31
30 vs 31
31 vs 31
31 vs 31
28 vs 31
28 vs 31
28 vs 31
28 vs 31
28 vs 31
28 vs 28
28 vs 31
28 vs 28
31 vs 31
31 vs 31
31 vs 31
31 vs 31
31 vs 31
31 vs 31
31 vs 31
31 vs 31
30 vs 31
30 vs 28
30 vs 31
30 vs 31
30 vs 28
30 vs 31
30 vs 30
30 vs 31
30 vs 28
30 vs 30
31 vs 31
31 vs 31
31 vs 31
31 vs 31
31 vs 31
31 vs 31
31 vs 31
31 vs 31
31 vs 31
30 vs 31
30 vs 30
30 vs 30
30 vs 31
30 vs 31
30 vs 30
30 vs 30
30 vs 31
30 vs 31
30 vs 30
30 vs 30
30 vs 30
[...]
31 vs 31
31 vs 31
30 vs 31
30 vs 30
30 vs 31
30 vs 30
31 vs 30
31 vs 31
30 vs 31
30 vs 30
31 vs 30
31 vs 31
30 vs 31
30 vs 30
30 vs 30
31 vs 30
31 vs 31
31 vs 31
30 vs 31
30 vs 30
30 vs 31
30 vs 30
31 vs 30
31 vs 31
30 vs 31
30 vs 30
31 vs 30
31 vs 31
30 vs 31
30 vs 30
30 vs 30
31 vs 30
31 vs 31
31 vs 31
30 vs 31
30 vs 30
30 vs 31
30 vs 30
31 vs 30
31 vs 31
30 vs 31
30 vs 30
31 vs 30
31 vs 31
30 vs 31
30 vs 30
30 vs 30
31 vs 30
31 vs 31
31 vs 31
30 vs 31
30 vs 30
30 vs 31
30 vs 30
31 vs 30
31 vs 31
30 vs 31
30 vs 30
31 vs 30
31 vs 31
30 vs 31
30 vs 30
30 vs 30
31 vs 30
31 vs 31
31 vs 31
30 vs 31
30 vs 30
30 vs 31
30 vs 30
31 vs 30
31 vs 31
30 vs 31
30 vs 30
31 vs 30
31 vs 31
30 vs 31
30 vs 30
30 vs 30
31 vs 30
31 vs 31
31 vs 31
30 vs 31
30 vs 30
30 vs 31
30 vs 30
31 vs 30
31 vs 31
30 vs 31
30 vs 30
31 vs 30
31 vs 31
30 vs 31
30 vs 30
30 vs 30
31 vs 30
31 vs 31
31 vs 31
30 vs 31
30 vs 30
30 vs 31
30 vs 30
31 vs 30
31 vs 31
30 vs 31
30 vs 30
31 vs 30
31 vs 31
30 vs 31
30 vs 30
30 vs 30
31 vs 30
31 vs 31
31 vs 31
30 vs 31
30 vs 30
30 vs 31
30 vs 30
31 vs 30
31 vs 31
30 vs 31
30 vs 30
31 vs 30
31 vs 31
30 vs 31
30 vs 30
30 vs 30
31 vs 30
31 vs 31
31 vs 31
30 vs 31
30 vs 30
30 vs 31
30 vs 30
31 vs 30
31 vs 31
30 vs 31
30 vs 30
31 vs 30
31 vs 31
30 vs 31
30 vs 30
30 vs 30
31 vs 30
31 vs 31
31 vs 31
30 vs 31
30 vs 30
30 vs 31
30 vs 30
31 vs 30
31 vs 31
30 vs 31
30 vs 30
31 vs 30
31 vs 31
30 vs 31
30 vs 30
30 vs 30
31 vs 30
31 vs 31
31 vs 31
30 vs 31
30 vs 30
30 vs 31
30 vs 30
31 vs 30
31 vs 31
30 vs 31
30 vs 30
31 vs 30
31 vs 31
30 vs 31
30 vs 30
30 vs 30
31 vs 30
31 vs 31
31 vs 31
30 vs 31
30 vs 30
30 vs 31
30 vs 30
31 vs 30
31 vs 31
30 vs 31
30 vs 30
31 vs 30
31 vs 31
30 vs 31
30 vs 30
30 vs 30
31 vs 30
31 vs 31
31 vs 31
30 vs 31
30 vs 30
30 vs 31
30 vs 30
31 vs 30
31 vs 31
30 vs 31
30 vs 30
31 vs 30
31 vs 31
30 vs 31
30 vs 30
30 vs 30
31 vs 30
31 vs 31
31 vs 31
30 vs 31
30 vs 30
30 vs 31
30 vs 30
31 vs 30
31 vs 31
30 vs 31
30 vs 30
31 vs 30
31 vs 31
30 vs 31
30 vs 30
30 vs 30
31 vs 30
31 vs 31
31 vs 31
30 vs 31
30 vs 30
30 vs 31
30 vs 30
31 vs 30
31 vs 31
30 vs 31
30 vs 30
31 vs 30
31 vs 31
30 vs 31
30 vs 30
30 vs 30
31 vs 30
31 vs 31
31 vs 31
30 vs 31
30 vs 30
30 vs 31
30 vs 30
31 vs 30
31 vs 31
30 vs 31
30 vs 30
31 vs 30
31 vs 31
30 vs 31
30 vs 30
30 vs 30
31 vs 30
31 vs 31
31 vs 31
30 vs 31
30 vs 30
30 vs 31
30 vs 30
31 vs 30
31 vs 31
30 vs 31
30 vs 30
31 vs 30
31 vs 31
30 vs 31
30 vs 30
30 vs 30
31 vs 30
31 vs 31
31 vs 31
30 vs 31
30 vs 30
30 vs 31
30 vs 30
31 vs 30
31 vs 31
30 vs 31
30 vs 30
31 vs 30
31 vs 31
30 vs 31
30 vs 30
30 vs 30
31 vs 30
31 vs 31
31 vs 31
30 vs 31
30 vs 30
30 vs 31
30 vs 30
31 vs 30
31 vs 31
30 vs 31
30 vs 30
31 vs 30
31 vs 31
30 vs 31
30 vs 30
30 vs 30
31 vs 30
31 vs 31
31 vs 31
30 vs 31
30 vs 30
30 vs 31
30 vs 30
31 vs 30
31 vs 31
30 vs 31
30 vs 30
31 vs 30
31 vs 31
30 vs 31
30 vs 30
30 vs 30
31 vs 30
31 vs 31
31 vs 31
30 vs 31
30 vs 30
30 vs 31
30 vs 30
31 vs 30
31 vs 31
30 vs 31
30 vs 30
31 vs 30
31 vs 31
30 vs 31
30 vs 30
30 vs 30
31 vs 30
31 vs 31
31 vs 31
30 vs 31
30 vs 30
30 vs 31
30 vs 30
31 vs 30
31 vs 31
30 vs 31
30 vs 30
31 vs 30
31 vs 31
30 vs 31
30 vs 30
30 vs 30
31 vs 30
31 vs 31
31 vs 31
30 vs 31
30 vs 30
30 vs 31
30 vs 30
31 vs 30
31 vs 31
30 vs 31
30 vs 30
31 vs 30
31 vs 31
30 vs 31
30 vs 30
30 vs 30
31 vs 30
31 vs 31
31 vs 31
30 vs 31
30 vs 30
30 vs 31
30 vs 30
31 vs 30
31 vs 31
30 vs 31
30 vs 30
31 vs 30
31 vs 31
30 vs 31
30 vs 30
30 vs 30
31 vs 30
31 vs 31
31 vs 31
30 vs 31
30 vs 30
30 vs 31
30 vs 30
31 vs 30
31 vs 31
30 vs 31
30 vs 30
31 vs 30
31 vs 31
30 vs 31
30 vs 30
30 vs 30
31 vs 30
31 vs 31
31 vs 31
30 vs 31
30 vs 30
30 vs 31
30 vs 30
31 vs 30
31 vs 31
30 vs 31
30 vs 30
31 vs 30
31 vs 31
30 vs 31
30 vs 30
30 vs 30
31 vs 30
31 vs 31
31 vs 31
30 vs 31
30 vs 30
30 vs 31
30 vs 30
31 vs 30
31 vs 31
30 vs 31
30 vs 30
31 vs 30
31 vs 31
30 vs 31
30 vs 30
30 vs 30
31 vs 30
31 vs 31
31 vs 31
30 vs 31
30 vs 30
30 vs 31
30 vs 30
31 vs 30
31 vs 31
30 vs 31
30 vs 30
31 vs 30
31 vs 31
30 vs 31
30 vs 30
30 vs 30
31 vs 30
31 vs 31
31 vs 31
30 vs 31
30 vs 30
30 vs 31
30 vs 30
31 vs 30
31 vs 31
30 vs 31
30 vs 30
31 vs 30
31 vs 31
30 vs 31
30 vs 30
30 vs 30
31 vs 30
31 vs 31
31 vs 31
30 vs 31
30 vs 30
30 vs 31
30 vs 30
31 vs 30
31 vs 31
30 vs 31
30 vs 30
31 vs 30
31 vs 31
30 vs 31
30 vs 30
30 vs 30
31 vs 30
31 vs 31
31 vs 31
30 vs 31
30 vs 30
30 vs 31
30 vs 30
31 vs 30
31 vs 31
30 vs 31
30 vs 30
31 vs 30
31 vs 31
30 vs 31
30 vs 30
30 vs 30
31 vs 30
31 vs 31
31 vs 31
30 vs 31
30 vs 30
30 vs 31
30 vs 30
31 vs 30
31 vs 31
30 vs 31
30 vs 30
31 vs 30
31 vs 31
30 vs 31
30 vs 30
30 vs 30
31 vs 30
31 vs 31
31 vs 31
28 vs 31
31 vs 28
31 vs 31
30 vs 31
30 vs 28
30 vs 31
30 vs 30
31 vs 30
31 vs 31
31 vs 31
31 vs 31
30 vs 31
30 vs 30
30 vs 30
31 vs 31
31 vs 31
31 vs 31
28 vs 31
31 vs 28
31 vs 31
30 vs 31
30 vs 28
30 vs 31
30 vs 30
31 vs 30
31 vs 31
31 vs 31
31 vs 31
30 vs 31
30 vs 30
30 vs 30
31 vs 31
31 vs 31
31 vs 31
28 vs 31
31 vs 28
31 vs 31
30 vs 31
30 vs 28
30 vs 31
30 vs 30
31 vs 30
31 vs 31
31 vs 31
31 vs 31
30 vs 31
30 vs 30
30 vs 30
31 vs 31
31 vs 31
31 vs 31
28 vs 31
31 vs 28
31 vs 31
30 vs 31
30 vs 28
30 vs 31
30 vs 30
31 vs 30
31 vs 31
31 vs 31
31 vs 31
30 vs 31
30 vs 30
30 vs 30
31 vs 31
31 vs 31
31 vs 31
28 vs 31
31 vs 28
31 vs 31
30 vs 31
30 vs 28
30 vs 31
30 vs 30
31 vs 30
31 vs 31
31 vs 31
31 vs 31
30 vs 31
30 vs 30
30 vs 30
31 vs 31
31 vs 31
31 vs 31
28 vs 31
31 vs 28
31 vs 31
30 vs 31
30 vs 28
30 vs 31
30 vs 30
31 vs 30
31 vs 31
31 vs 31
31 vs 31
30 vs 31
30 vs 30
30 vs 30
31 vs 31
31 vs 31
31 vs 31
28 vs 31
31 vs 28
31 vs 31
30 vs 31
30 vs 28
30 vs 31
30 vs 30
31 vs 30
31 vs 31
31 vs 31
31 vs 31
30 vs 31
30 vs 30
30 vs 30
31 vs 31
31 vs 31
31 vs 31
28 vs 31
31 vs 28
31 vs 31
30 vs 31
30 vs 28
30 vs 31
30 vs 30
31 vs 30
31 vs 31
31 vs 31
31 vs 31
30 vs 31
30 vs 30
30 vs 30
31 vs 31
31 vs 31
31 vs 31
28 vs 31
31 vs 28
31 vs 31
30 vs 31
30 vs 28
30 vs 31
30 vs 30
31 vs 30
31 vs 31
31 vs 31
31 vs 31
30 vs 31
30 vs 30
30 vs 30
31 vs 31
31 vs 31
31 vs 31
28 vs 31
31 vs 28
31 vs 31
30 vs 31
30 vs 28
30 vs 31
30 vs 30
31 vs 30
31 vs 31
31 vs 31
31 vs 31
30 vs 31
30 vs 30
30 vs 30
31 vs 31
31 vs 31
31 vs 31
28 vs 31
31 vs 28
31 vs 31
30 vs 31
30 vs 28
30 vs 31
30 vs 30
31 vs 30
31 vs 31
31 vs 31
31 vs 31
30 vs 31
30 vs 30
30 vs 30
31 vs 31
31 vs 31
31 vs 31
28 vs 31
31 vs 28
31 vs 31
30 vs 31
30 vs 28
30 vs 31
30 vs 30
31 vs 30
31 vs 31
31 vs 31
31 vs 31
30 vs 31
30 vs 30
30 vs 30
31 vs 31
31 vs 31
31 vs 31
28 vs 31
31 vs 28
31 vs 31
30 vs 31
30 vs 28
30 vs 31
30 vs 30
31 vs 30
31 vs 31
31 vs 31
31 vs 31
30 vs 31
30 vs 30
30 vs 30
31 vs 31
31 vs 31
31 vs 31
28 vs 31
31 vs 28
31 vs 31
30 vs 31
30 vs 28
30 vs 31
30 vs 30
31 vs 30
31 vs 31
31 vs 31
31 vs 31
30 vs 31
30 vs 30
30 vs 30
31 vs 31
31 vs 31
31 vs 31
28 vs 31
31 vs 28
31 vs 31
30 vs 31
30 vs 28
30 vs 31
30 vs 30
31 vs 30
31 vs 31
31 vs 31
31 vs 31
30 vs 31
30 vs 30
30 vs 30
31 vs 31
31 vs 31
31 vs 31
28 vs 31
31 vs 28
31 vs 31
30 vs 31
30 vs 28
30 vs 31
30 vs 30
31 vs 30
31 vs 31
31 vs 31
31 vs 31
30 vs 31
30 vs 30
30 vs 30
31 vs 31
31 vs 31
31 vs 31
28 vs 31
31 vs 28
31 vs 31
30 vs 31
30 vs 28
30 vs 31
30 vs 30
31 vs 30
31 vs 31
31 vs 31
31 vs 31
30 vs 31
30 vs 30
30 vs 30
31 vs 31
31 vs 31
31 vs 31
28 vs 31
31 vs 28
31 vs 31
30 vs 31
30 vs 28
30 vs 31
30 vs 30
31 vs 30
31 vs 31
31 vs 31
31 vs 31
30 vs 31
30 vs 30
30 vs 30
31 vs 31
31 vs 31
31 vs 31
28 vs 31
31 vs 28
31 vs 31
30 vs 31
30 vs 28
30 vs 31
30 vs 30
31 vs 30
31 vs 31
31 vs 31
31 vs 31
30 vs 31
30 vs 30
30 vs 30
31 vs 31
31 vs 31
31 vs 31
28 vs 31
31 vs 28
31 vs 31
30 vs 31
30 vs 28
30 vs 31
30 vs 30
31 vs 30
31 vs 31
31 vs 31
31 vs 31
30 vs 31
30 vs 30
30 vs 30
31 vs 31
31 vs 31
31 vs 31
28 vs 31
31 vs 28
31 vs 31
30 vs 31
30 vs 28
30 vs 31
30 vs 30
31 vs 30
31 vs 31
31 vs 31
31 vs 31
30 vs 31
30 vs 30
30 vs 30
31 vs 31
31 vs 31
31 vs 31
28 vs 31
31 vs 28
31 vs 31
30 vs 31
30 vs 28
30 vs 31
30 vs 30
31 vs 30
31 vs 31
31 vs 31
31 vs 31
30 vs 31
30 vs 30
30 vs 30
31 vs 31
31 vs 31
31 vs 31
28 vs 31
31 vs 28
31 vs 31
30 vs 31
30 vs 28
30 vs 31
30 vs 30
31 vs 30
31 vs 31
31 vs 31
31 vs 31
30 vs 31
30 vs 30
30 vs 30
31 vs 31
31 vs 31
31 vs 31
28 vs 31
31 vs 28
31 vs 31
30 vs 31
30 vs 28
30 vs 31
30 vs 30
31 vs 30
31 vs 31
31 vs 31
31 vs 31
30 vs 31
30 vs 30
30 vs 30
31 vs 31
31 vs 31
31 vs 31
28 vs 31
31 vs 28
31 vs 31
30 vs 31
30 vs 28
30 vs 31
30 vs 30
31 vs 30
31 vs 31
31 vs 31
31 vs 31
30 vs 31
30 vs 30
30 vs 30
31 vs 31
31 vs 31
31 vs 31
28 vs 31
31 vs 28
31 vs 31
30 vs 31
30 vs 28
30 vs 31
30 vs 30
31 vs 30
31 vs 31
31 vs 31
31 vs 31
30 vs 31
30 vs 30
30 vs 30
31 vs 31
31 vs 31
31 vs 31
28 vs 31
31 vs 28
31 vs 31
30 vs 31
30 vs 28
30 vs 31
30 vs 30
31 vs 30
31 vs 31
31 vs 31
31 vs 31
30 vs 31
30 vs 30
30 vs 30
31 vs 31
31 vs 31
31 vs 31
28 vs 31
31 vs 28
31 vs 31
30 vs 31
30 vs 28
30 vs 31
30 vs 30
31 vs 30
31 vs 31
31 vs 31
31 vs 31
30 vs 31
30 vs 30
30 vs 30
31 vs 31
31 vs 31
31 vs 31
28 vs 31
31 vs 28
31 vs 31
30 vs 31
30 vs 28
30 vs 31
30 vs 30
31 vs 30
31 vs 31
31 vs 31
31 vs 31
30 vs 31
30 vs 30
30 vs 30
31 vs 31
31 vs 31
31 vs 31
28 vs 31
31 vs 28
31 vs 31
30 vs 31
30 vs 28
30 vs 31
30 vs 30
31 vs 30
31 vs 31
31 vs 31
31 vs 31
30 vs 31
30 vs 30
30 vs 30
31 vs 31
31 vs 31
31 vs 31
28 vs 31
31 vs 28
31 vs 31
30 vs 31
30 vs 28
30 vs 31
30 vs 30
31 vs 30
31 vs 31
31 vs 31
31 vs 31
30 vs 31
30 vs 30
30 vs 30
31 vs 31
31 vs 31
31 vs 31
28 vs 31
31 vs 28
31 vs 31
30 vs 31
30 vs 28
30 vs 31
30 vs 30
31 vs 30
31 vs 31
31 vs 31
31 vs 31
30 vs 31
30 vs 30
30 vs 30
31 vs 31
31 vs 31
31 vs 31
28 vs 31
31 vs 28
31 vs 31
30 vs 31
30 vs 28
30 vs 31
30 vs 30
31 vs 30
31 vs 31
31 vs 31
31 vs 31
30 vs 31
30 vs 30
30 vs 30
31 vs 31
31 vs 31
31 vs 31
28 vs 31
31 vs 28
31 vs 31
30 vs 31
30 vs 28
30 vs 31
30 vs 30
31 vs 30
31 vs 31
31 vs 31
31 vs 31
30 vs 31
30 vs 30
30 vs 30
31 vs 31
31 vs 31
31 vs 31
28 vs 31
31 vs 28
31 vs 31
30 vs 31
30 vs 28
30 vs 31
30 vs 30
31 vs 30
31 vs 31
31 vs 31
31 vs 31
30 vs 31
30 vs 30
30 vs 30
31 vs 31
31 vs 31
31 vs 31
28 vs 31
31 vs 28
31 vs 31
30 vs 31
30 vs 28
30 vs 31
30 vs 30
31 vs 30
31 vs 31
31 vs 31
31 vs 31
30 vs 31
30 vs 30
30 vs 30
31 vs 31
31 vs 31
31 vs 31
28 vs 31
31 vs 28
31 vs 31
30 vs 31
30 vs 28
30 vs 31
30 vs 30
31 vs 30
31 vs 31
31 vs 31
31 vs 31
30 vs 31
30 vs 30
30 vs 30
31 vs 31
31 vs 31
31 vs 31
28 vs 31
31 vs 28
31 vs 31
30 vs 31
30 vs 28
30 vs 31
30 vs 30
31 vs 30
31 vs 31
31 vs 31
31 vs 31
30 vs 31
30 vs 30
30 vs 30
31 vs 31
31 vs 31
31 vs 31
28 vs 31
31 vs 28
31 vs 31
30 vs 31
30 vs 28
30 vs 31
30 vs 30
31 vs 30
31 vs 31
31 vs 31
31 vs 31
30 vs 31
30 vs 30
30 vs 30
31 vs 31
31 vs 31
31 vs 31
28 vs 31
31 vs 28
31 vs 31
30 vs 31
30 vs 28
30 vs 31
30 vs 30
31 vs 30
31 vs 31
31 vs 31
31 vs 31
30 vs 31
30 vs 30
30 vs 30
31 vs 31
31 vs 31
31 vs 31
28 vs 31
31 vs 28
31 vs 31
30 vs 31
30 vs 28
30 vs 31
30 vs 30
31 vs 30
31 vs 31
31 vs 31
31 vs 31
30 vs 31
30 vs 30
30 vs 30
31 vs 31
31 vs 31
31 vs 31
28 vs 31
31 vs 28
31 vs 31
30 vs 31
30 vs 28
30 vs 31
30 vs 30
31 vs 30
31 vs 31
31 vs 31
31 vs 31
30 vs 31
30 vs 30
30 vs 30
31 vs 31
31 vs 31
31 vs 31
28 vs 31
31 vs 28
31 vs 31
30 vs 31
30 vs 28
30 vs 31
30 vs 30
31 vs 30
31 vs 31
31 vs 31
31 vs 31
30 vs 31
30 vs 30
30 vs 30
31 vs 31
31 vs 31
31 vs 31
28 vs 31
31 vs 28
31 vs 31
30 vs 31
30 vs 28
30 vs 31
30 vs 30
31 vs 30
31 vs 31
31 vs 31
31 vs 31
30 vs 31
30 vs 30
30 vs 30
31 vs 31
31 vs 31
31 vs 31
28 vs 31
31 vs 28
31 vs 31
30 vs 31
30 vs 28
30 vs 31
30 vs 30
31 vs 30
31 vs 31
31 vs 31
31 vs 31
30 vs 31
30 vs 30
30 vs 30
31 vs 31
31 vs 31
31 vs 31
28 vs 31
31 vs 28
31 vs 31
30 vs 31
30 vs 28
30 vs 31
30 vs 30
31 vs 30
31 vs 31
31 vs 31
31 vs 31
30 vs 31
30 vs 30
30 vs 30
31 vs 31
31 vs 31
31 vs 31
28 vs 31
31 vs 28
31 vs 31
30 vs 31
30 vs 28
30 vs 31
30 vs 30
31 vs 30
31 vs 31
31 vs 31
31 vs 31
30 vs 31
30 vs 30
30 vs 30
31 vs 31
31 vs 31
31 vs 31
28 vs 31
31 vs 28
31 vs 31
30 vs 31
30 vs 28
30 vs 31
30 vs 30
31 vs 30
31 vs 31
31 vs 31
31 vs 31
30 vs 31
30 vs 30
30 vs 30
31 vs 31
31 vs 31
31 vs 31
28 vs 31
31 vs 28
31 vs 31
30 vs 31
30 vs 28
30 vs 31
30 vs 30
31 vs 30
31 vs 31
31 vs 31
31 vs 31
30 vs 31
30 vs 30
30 vs 30
31 vs 31
31 vs 31
31 vs 31
28 vs 31
31 vs 28
31 vs 31
30 vs 31
30 vs 28
30 vs 31
30 vs 30
31 vs 30
31 vs 31
31 vs 31
31 vs 31
30 vs 31
30 vs 30
30 vs 30
31 vs 31
31 vs 31
31 vs 31
28 vs 31
31 vs 28
31 vs 31
30 vs 31
30 vs 28
30 vs 31
30 vs 30
31 vs 30
31 vs 31
31 vs 31
31 vs 31
30 vs 31
30 vs 30
30 vs 30
31 vs 31
31 vs 31
31 vs 31
28 vs 31
31 vs 28
31 vs 31
30 vs 31
30 vs 28
30 vs 31
30 vs 30
31 vs 30
31 vs 31
31 vs 31
31 vs 31
30 vs 31
30 vs 30
30 vs 30
31 vs 31
31 vs 31
31 vs 31
28 vs 31
31 vs 28
31 vs 31
30 vs 31
30 vs 28
30 vs 31
30 vs 30
31 vs 30
31 vs 31
31 vs 31
31 vs 31
30 vs 31
30 vs 30
30 vs 30
31 vs 31
31 vs 31
31 vs 31
28 vs 31
31 vs 28
31 vs 31
30 vs 31
30 vs 28
30 vs 31
30 vs 30
31 vs 30
31 vs 31
31 vs 31
31 vs 31
30 vs 31
30 vs 30
30 vs 30
31 vs 31
31 vs 31
31 vs 31
28 vs 31
31 vs 28
31 vs 31
30 vs 31
30 vs 28
30 vs 31
30 vs 30
31 vs 30
31 vs 31
31 vs 31
31 vs 31
30 vs 31
30 vs 30
30 vs 30
31 vs 31
31 vs 31
31 vs 31
28 vs 31
31 vs 28
31 vs 31
30 vs 31
30 vs 28
30 vs 31
30 vs 30
31 vs 30
31 vs 31
31 vs 31
31 vs 31
30 vs 31
30 vs 30
30 vs 30
31 vs 31
31 vs 31
31 vs 31
28 vs 31
31 vs 28
31 vs 31
30 vs 31
30 vs 28
30 vs 31
30 vs 30
31 vs 30
31 vs 31
31 vs 31
31 vs 31
30 vs 31
30 vs 30
30 vs 30
31 vs 31
31 vs 31
31 vs 31
28 vs 31
31 vs 28
31 vs 31
30 vs 31
30 vs 28
30 vs 31
30 vs 30
31 vs 30
31 vs 31
31 vs 31
31 vs 31
30 vs 31
30 vs 30
30 vs 30
31 vs 31
31 vs 31
31 vs 31
28 vs 31
31 vs 28
31 vs 31
30 vs 31
30 vs 28
30 vs 31
30 vs 30
31 vs 30
31 vs 31
31 vs 31
31 vs 31
30 vs 31
30 vs 30
30 vs 30
31 vs 31
31 vs 31
31 vs 31
28 vs 31
31 vs 28
31 vs 31
30 vs 31
30 vs 28
30 vs 31
30 vs 30
31 vs 30
31 vs 31
31 vs 31
31 vs 31
30 vs 31
30 vs 30
30 vs 30
31 vs 31
31 vs 31
31 vs 31
28 vs 31
31 vs 28
31 vs 31
30 vs 31
30 vs 28
30 vs 31
30 vs 30
31 vs 30
31 vs 31
31 vs 31
31 vs 31
30 vs 31
30 vs 30
30 vs 30
31 vs 31
31 vs 31
31 vs 31
28 vs 31
31 vs 28
31 vs 31
30 vs 31
30 vs 28
30 vs 31
30 vs 30
31 vs 30
31 vs 31
31 vs 31
31 vs 31
30 vs 31
30 vs 30
30 vs 30
31 vs 31
31 vs 31
31 vs 31
28 vs 31
31 vs 28
31 vs 31
30 vs 31
30 vs 28
30 vs 31
30 vs 30
31 vs 30
31 vs 31
31 vs 31
31 vs 31
30 vs 31
30 vs 30
30 vs 30
31 vs 31
31 vs 31
31 vs 31
28 vs 31
31 vs 28
31 vs 31
30 vs 31
30 vs 28
30 vs 31
30 vs 30
31 vs 30
31 vs 31
31 vs 31
31 vs 31
30 vs 31
30 vs 30
30 vs 30
31 vs 31
31 vs 31
31 vs 31
28 vs 31
31 vs 28
31 vs 31
30 vs 31
30 vs 28
30 vs 31
30 vs 30
31 vs 30
31 vs 31
31 vs 31
31 vs 31
30 vs 31
30 vs 30
30 vs 30
31 vs 31
31 vs 31
31 vs 31
28 vs 31
31 vs 28
31 vs 31
30 vs 31
30 vs 28
30 vs 31
30 vs 30
31 vs 30
31 vs 31
31 vs 31
31 vs 31
30 vs 31
30 vs 30
30 vs 30
31 vs 31
31 vs 31
31 vs 31
28 vs 31
31 vs 28
31 vs 31
30 vs 31
30 vs 28
30 vs 31
30 vs 30
31 vs 30
31 vs 31
31 vs 31
31 vs 31
30 vs 31
30 vs 30
30 vs 30
31 vs 31
31 vs 31
31 vs 31
28 vs 31
31 vs 28
31 vs 31
30 vs 31
30 vs 28
30 vs 31
30 vs 30
31 vs 30
31 vs 31
31 vs 31
31 vs 31
30 vs 31
30 vs 30
30 vs 30
31 vs 31
31 vs 31
31 vs 31
28 vs 31
31 vs 28
31 vs 31
30 vs 31
30 vs 28
30 vs 31
30 vs 30
31 vs 30
31 vs 31
31 vs 31
31 vs 31
30 vs 31
30 vs 30
30 vs 30
31 vs 31
31 vs 31
31 vs 31
28 vs 31
31 vs 28
31 vs 31
30 vs 31
30 vs 28
30 vs 31
30 vs 30
31 vs 30
31 vs 31
31 vs 31
31 vs 31
30 vs 31
30 vs 30
30 vs 30
31 vs 31
31 vs 31
31 vs 31
28 vs 31
31 vs 28
31 vs 31
30 vs 31
30 vs 28
30 vs 31
30 vs 30
31 vs 30
31 vs 31
31 vs 31
31 vs 31
30 vs 31
30 vs 30
30 vs 30
31 vs 31
31 vs 31
31 vs 31
28 vs 31
31 vs 28
31 vs 31
30 vs 31
30 vs 28
30 vs 31
30 vs 30
31 vs 30
31 vs 31
31 vs 31
31 vs 31
30 vs 31
30 vs 30
30 vs 30
31 vs 31
31 vs 31
31 vs 31
28 vs 31
31 vs 28
31 vs 31
30 vs 31
30 vs 28
30 vs 31
30 vs 30
31 vs 30
31 vs 31
31 vs 31
31 vs 31
30 vs 31
30 vs 30
30 vs 30
31 vs 31
31 vs 31
31 vs 31
28 vs 31
31 vs 28
31 vs 31
30 vs 31
30 vs 28
30 vs 31
30 vs 30
31 vs 30
31 vs 31
31 vs 31
31 vs 31
30 vs 31
30 vs 30
30 vs 30
31 vs 31
31 vs 31
31 vs 31
28 vs 31
31 vs 28
31 vs 31
30 vs 31
30 vs 28
30 vs 31
30 vs 30
31 vs 30
31 vs 31
31 vs 31
31 vs 31
30 vs 31
30 vs 30
30 vs 30
31 vs 31
31 vs 31
31 vs 31
28 vs 31
31 vs 28
31 vs 31
30 vs 31
30 vs 28
30 vs 31
30 vs 30
31 vs 30
31 vs 31
31 vs 31
31 vs 31
30 vs 31
30 vs 30
30 vs 30
31 vs 31
31 vs 31
31 vs 31
28 vs 31
31 vs 28
31 vs 31
30 vs 31
30 vs 28
30 vs 31
30 vs 30
31 vs 30
31 vs 31
31 vs 31
31 vs 31
30 vs 31
30 vs 30
30 vs 30
31 vs 31
31 vs 31
31 vs 31
28 vs 31
31 vs 28
31 vs 31
30 vs 31
30 vs 28
30 vs 31
30 vs 30
31 vs 30
31 vs 31
31 vs 31
31 vs 31
30 vs 31
30 vs 30
30 vs 30
31 vs 31
31 vs 31
31 vs 31
28 vs 31
31 vs 28
31 vs 31
30 vs 31
30 vs 28
30 vs 31
30 vs 30
31 vs 30
31 vs 31
31 vs 31
31 vs 31
30 vs 31
30 vs 30
30 vs 30
31 vs 31
31 vs 31
31 vs 31
28 vs 31
31 vs 28
31 vs 31
30 vs 31
30 vs 28
30 vs 31
30 vs 30
31 vs 30
31 vs 31
31 vs 31
31 vs 31
30 vs 31
30 vs 30
30 vs 30
31 vs 31
31 vs 31
31 vs 31
28 vs 31
31 vs 28
31 vs 31
30 vs 31
30 vs 28
30 vs 31
30 vs 30
31 vs 30
31 vs 31
31 vs 31
31 vs 31
30 vs 31
30 vs 30
30 vs 30
31 vs 31
31 vs 31
31 vs 31
28 vs 31
31 vs 28
31 vs 31
30 vs 31
30 vs 28
30 vs 31
30 vs 30
31 vs 30
31 vs 31
31 vs 31
31 vs 31
30 vs 31
30 vs 30
30 vs 30
31 vs 31
31 vs 31
31 vs 31
28 vs 31
31 vs 28
31 vs 31
30 vs 31
30 vs 28
30 vs 31
30 vs 30
31 vs 30
31 vs 31
31 vs 31
31 vs 31
30 vs 31
30 vs 30
30 vs 30
31 vs 31
31 vs 31
31 vs 31
28 vs 31
31 vs 28
31 vs 31
30 vs 31
30 vs 28
30 vs 31
30 vs 30
31 vs 30
31 vs 31
31 vs 31
31 vs 31
30 vs 31
30 vs 30
30 vs 30
31 vs 31
31 vs 31
31 vs 31
28 vs 31
31 vs 28
31 vs 31
30 vs 31
30 vs 28
30 vs 31
30 vs 30
31 vs 30
31 vs 31
31 vs 31
31 vs 31
30 vs 31
30 vs 30
30 vs 30
31 vs 31
31 vs 31
31 vs 31
28 vs 31
31 vs 28
31 vs 31
30 vs 31
30 vs 28
30 vs 31
30 vs 30
31 vs 30
31 vs 31
31 vs 31
31 vs 31
30 vs 31
30 vs 30
30 vs 30
31 vs 31
31 vs 31
31 vs 31
28 vs 31
31 vs 28
31 vs 31
30 vs 31
30 vs 28
30 vs 31
30 vs 30
31 vs 30
31 vs 31
31 vs 31
31 vs 31
30 vs 31
30 vs 30
30 vs 30
31 vs 31
31 vs 31
31 vs 31
28 vs 31
31 vs 28
31 vs 31
30 vs 31
30 vs 28
30 vs 31
30 vs 30
31 vs 30
31 vs 31
31 vs 31
31 vs 31
30 vs 31
30 vs 30
30 vs 30
31 vs 31
31 vs 31
31 vs 31
28 vs 31
31 vs 28
31 vs 31
30 vs 31
30 vs 28
30 vs 31
30 vs 30
31 vs 30
31 vs 31
31 vs 31
31 vs 31
30 vs 31
30 vs 30
30 vs 30
31 vs 31
31 vs 31
31 vs 31
28 vs 31
31 vs 28
31 vs 31
30 vs 31
30 vs 28
30 vs 31
30 vs 30
31 vs 30
31 vs 31
31 vs 31
31 vs 31
30 vs 31
30 vs 30
30 vs 30
31 vs 31
31 vs 31
31 vs 31
28 vs 31
31 vs 28
31 vs 31
30 vs 31
30 vs 28
30 vs 31
30 vs 30
31 vs 30
31 vs 31
31 vs 31
31 vs 31
30 vs 31
30 vs 30
30 vs 30
31 vs 31
31 vs 31
31 vs 31
28 vs 31
31 vs 28
31 vs 31
30 vs 31
30 vs 28
30 vs 31
30 vs 30
31 vs 30
31 vs 31
31 vs 31
31 vs 31
30 vs 31
30 vs 30
30 vs 30
31 vs 31
31 vs 31
31 vs 31
28 vs 31
31 vs 28
31 vs 31
30 vs 31
30 vs 28
30 vs 31
30 vs 30
31 vs 30
31 vs 31
31 vs 31
31 vs 31
30 vs 31
30 vs 30
30 vs 30
31 vs 31
31 vs 31
31 vs 31
28 vs 31
31 vs 28
31 vs 31
30 vs 31
30 vs 28
30 vs 31
30 vs 30
31 vs 30
31 vs 31
31 vs 31
31 vs 31
30 vs 31
30 vs 30
30 vs 30
31 vs 31
31 vs 31
31 vs 31
28 vs 31
31 vs 28
31 vs 31
30 vs 31
30 vs 28
30 vs 31
30 vs 30
31 vs 30
31 vs 31
31 vs 31
31 vs 31
30 vs 31
30 vs 30
30 vs 30
31 vs 31
31 vs 31
31 vs 31
28 vs 31
31 vs 28
31 vs 31
30 vs 31
30 vs 28
30 vs 31
30 vs 30
31 vs 30
31 vs 31
31 vs 31
31 vs 31
30 vs 31
30 vs 30
30 vs 30
31 vs 31
31 vs 31
31 vs 31
28 vs 31
31 vs 28
31 vs 31
30 vs 31
30 vs 28
30 vs 31
30 vs 30
31 vs 30
31 vs 31
31 vs 31
31 vs 31
30 vs 31
30 vs 30
30 vs 30
31 vs 31
31 vs 31
31 vs 31
28 vs 31
31 vs 28
31 vs 31
30 vs 31
30 vs 28
30 vs 31
30 vs 30
31 vs 30
31 vs 31
31 vs 31
31 vs 31
30 vs 31
30 vs 30
30 vs 30
31 vs 31
31 vs 31
31 vs 31
28 vs 31
31 vs 28
31 vs 31
30 vs 31
30 vs 28
30 vs 31
30 vs 30
31 vs 30
31 vs 31
31 vs 31
31 vs 31
30 vs 31
30 vs 30
30 vs 30
31 vs 31
31 vs 31
31 vs 31
28 vs 31
31 vs 28
31 vs 31
30 vs 31
30 vs 28
30 vs 31
30 vs 30
31 vs 30
31 vs 31
31 vs 31
31 vs 31
30 vs 31
30 vs 30
30 vs 30
31 vs 31
31 vs 31
31 vs 31
]]></system-out>
  <system-err><![CDATA[]]></system-err>
</testsuite>
